This file contains any messages produced by compilers while
running configure, to aid debugging if configure makes a mistake.

It was created by GNU FriBidi configure 0.19.6, which was
generated by GNU Autoconf 2.69.  Invocation command line was

  $ ./configure --with-pic --with-sysroot=/Users/meijian/Desktop/ConquerAndroidFFmpeg/toolchain-android/sysroot --host=arm-linux-androideabi --enable-static --disable-shared --with-glib=no --prefix=/Users/meijian/Desktop/ConquerAndroidFFmpeg/toolchain-android

## --------- ##
## Platform. ##
## --------- ##

hostname = meijian
uname -m = x86_64
uname -r = 17.2.0
uname -s = Darwin
uname -v = Darwin Kernel Version 17.2.0: Fri Sep 29 18:27:05 PDT 2017; root:xnu-4570.20.62~3/RELEASE_X86_64

/usr/bin/uname -p = i386
/bin/uname -X     = unknown

/bin/arch              = unknown
/usr/bin/arch -k       = unknown
/usr/convex/getsysinfo = unknown
/usr/bin/hostinfo      = Mach kernel version:
	 Darwin Kernel Version 17.2.0: Fri Sep 29 18:27:05 PDT 2017; root:xnu-4570.20.62~3/RELEASE_X86_64
Kernel configured for up to 4 processors.
2 processors are physically available.
4 processors are logically available.
Processor type: x86_64h (Intel x86-64h Haswell)
Processors active: 0 1 2 3
Primary memory available: 8.00 gigabytes
Default processor set: 414 tasks, 1670 threads, 4 processors
Load average: 2.45, Mach factor: 1.70
/bin/machine           = unknown
/usr/bin/oslevel       = unknown
/bin/universe          = unknown

PATH: /usr/local/bin
PATH: /usr/bin
PATH: /bin
PATH: /usr/sbin
PATH: /sbin
PATH: /Users/meijian/Library/Android/sdk/platform-tools
PATH: /Users/meijian/Library/Android/sdk/tools
PATH: /Users/meijian/Library/Android/sdk/build-tools/27.0.1


## ----------- ##
## Core tests. ##
## ----------- ##

configure:2501: checking for a BSD-compatible install
configure:2569: result: /usr/local/bin/ginstall -c
configure:2580: checking whether build environment is sane
configure:2635: result: yes
configure:2694: checking for arm-linux-androideabi-strip
configure:2721: result: /Users/meijian/Desktop/ConquerAndroidFFmpeg/toolchain-android/bin/arm-linux-androideabi-strip
configure:2786: checking for a thread-safe mkdir -p
configure:2825: result: /usr/local/bin/gmkdir -p
configure:2832: checking for gawk
configure:2862: result: no
configure:2832: checking for mawk
configure:2862: result: no
configure:2832: checking for nawk
configure:2862: result: no
configure:2832: checking for awk
configure:2848: found /usr/bin/awk
configure:2859: result: awk
configure:2870: checking whether make sets $(MAKE)
configure:2892: result: yes
configure:2921: checking whether make supports nested variables
configure:2938: result: yes
configure:3066: checking whether make supports nested variables
configure:3083: result: yes
configure:3126: checking build system type
configure:3140: result: x86_64-apple-darwin17.2.0
configure:3160: checking host system type
configure:3173: result: arm-unknown-linux-androideabi
configure:3214: checking how to print strings
configure:3241: result: printf
configure:3266: checking whether make supports the include directive
configure:3281: make -f confmf.GNU && cat confinc.out
this is the am__doit target
configure:3284: $? = 0
configure:3303: result: yes (GNU style)
configure:3333: checking for arm-linux-androideabi-gcc
configure:3360: result: /Users/meijian/Desktop/ConquerAndroidFFmpeg/toolchain-android/bin/arm-linux-androideabi-gcc --sysroot=/Users/meijian/Desktop/ConquerAndroidFFmpeg/toolchain-android/sysroot
configure:3629: checking for C compiler version
configure:3638: /Users/meijian/Desktop/ConquerAndroidFFmpeg/toolchain-android/bin/arm-linux-androideabi-gcc --sysroot=/Users/meijian/Desktop/ConquerAndroidFFmpeg/toolchain-android/sysroot --version >&5
arm-linux-androideabi-gcc (GCC) 4.9 20140827 (prerelease)
Copyright (C) 2014 Free Software Foundation, Inc.
This is free software; see the source for copying conditions.  There is NO
warranty; not even for MERCHANTABILITY or FITNESS FOR A PARTICULAR PURPOSE.

configure:3649: $? = 0
configure:3638: /Users/meijian/Desktop/ConquerAndroidFFmpeg/toolchain-android/bin/arm-linux-androideabi-gcc --sysroot=/Users/meijian/Desktop/ConquerAndroidFFmpeg/toolchain-android/sysroot -v >&5
Using built-in specs.
COLLECT_GCC=/Users/meijian/Desktop/ConquerAndroidFFmpeg/toolchain-android/bin/arm-linux-androideabi-gcc
COLLECT_LTO_WRAPPER=/Users/meijian/Desktop/ConquerAndroidFFmpeg/toolchain-android/bin/../libexec/gcc/arm-linux-androideabi/4.9/lto-wrapper
Target: arm-linux-androideabi
Configured with: /s/ndk-toolchain/src/build/../gcc/gcc-4.9/configure --prefix=/tmp/ndk-User/build/toolchain/prefix --target=arm-linux-androideabi --host=x86_64-apple-darwin --build=x86_64-apple-darwin --with-gnu-as --with-gnu-ld --enable-languages=c,c++ --with-gmp=/tmp/ndk-User/build/toolchain/temp-install --with-mpfr=/tmp/ndk-User/build/toolchain/temp-install --with-mpc=/tmp/ndk-User/build/toolchain/temp-install --with-cloog=/tmp/ndk-User/build/toolchain/temp-install --with-isl=/tmp/ndk-User/build/toolchain/temp-install --with-ppl=/tmp/ndk-User/build/toolchain/temp-install --disable-ppl-version-check --disable-cloog-version-check --disable-isl-version-check --enable-cloog-backend=isl --with-host-libstdcxx='-static-libgcc -lstdc++ -lm' --disable-libssp --enable-threads --disable-nls --disable-libmudflap --disable-libgomp --disable-libstdc__-v3 --disable-sjlj-exceptions --disable-shared --disable-tls --disable-libitm --with-float=soft --with-fpu=vfp --with-arch=armv5te --enable-target-optspace --enable-initfini-array --disable-nls --prefix=/tmp/ndk-User/build/toolchain/prefix --with-sysroot=/tmp/ndk-User/build/toolchain/prefix/sysroot --with-binutils-version=2.25 --with-mpfr-version=3.1.1 --with-mpc-version=1.0.1 --with-gmp-version=5.0.5 --with-gcc-version=4.9 --with-gdb-version=7.7 --with-python=/Users/User/mydroid/ndk/prebuilt/darwin-x86_64/bin/python-config.sh --with-gxx-include-dir=/tmp/ndk-User/build/toolchain/prefix/include/c++/4.9 --with-bugurl=http://source.android.com/source/report-bugs.html --enable-languages=c,c++ --disable-bootstrap --enable-plugins --enable-libgomp --enable-gnu-indirect-function --disable-libsanitizer --enable-gold --enable-threads --enable-graphite=yes --with-cloog-version=0.18.0 --with-isl-version=0.11.1 --enable-eh-frame-hdr-for-static --with-arch=armv5te --program-transform-name='s&^&arm-linux-androideabi-&' --enable-gold=default
Thread model: posix
gcc version 4.9 20140827 (prerelease) (GCC) 
configure:3649: $? = 0
configure:3638: /Users/meijian/Desktop/ConquerAndroidFFmpeg/toolchain-android/bin/arm-linux-androideabi-gcc --sysroot=/Users/meijian/Desktop/ConquerAndroidFFmpeg/toolchain-android/sysroot -V >&5
arm-linux-androideabi-gcc: error: unrecognized command line option '-V'
arm-linux-androideabi-gcc: fatal error: no input files
compilation terminated.
configure:3649: $? = 1
configure:3638: /Users/meijian/Desktop/ConquerAndroidFFmpeg/toolchain-android/bin/arm-linux-androideabi-gcc --sysroot=/Users/meijian/Desktop/ConquerAndroidFFmpeg/toolchain-android/sysroot -qversion >&5
arm-linux-androideabi-gcc: error: unrecognized command line option '-qversion'
arm-linux-androideabi-gcc: fatal error: no input files
compilation terminated.
configure:3649: $? = 1
configure:3669: checking whether the C compiler works
configure:3691: /Users/meijian/Desktop/ConquerAndroidFFmpeg/toolchain-android/bin/arm-linux-androideabi-gcc --sysroot=/Users/meijian/Desktop/ConquerAndroidFFmpeg/toolchain-android/sysroot    conftest.c  >&5
configure:3695: $? = 0
configure:3743: result: yes
configure:3746: checking for C compiler default output file name
configure:3748: result: a.out
configure:3754: checking for suffix of executables
configure:3761: /Users/meijian/Desktop/ConquerAndroidFFmpeg/toolchain-android/bin/arm-linux-androideabi-gcc --sysroot=/Users/meijian/Desktop/ConquerAndroidFFmpeg/toolchain-android/sysroot -o conftest    conftest.c  >&5
configure:3765: $? = 0
configure:3787: result: 
configure:3809: checking whether we are cross compiling
configure:3817: /Users/meijian/Desktop/ConquerAndroidFFmpeg/toolchain-android/bin/arm-linux-androideabi-gcc --sysroot=/Users/meijian/Desktop/ConquerAndroidFFmpeg/toolchain-android/sysroot -o conftest    conftest.c  >&5
configure:3821: $? = 0
configure:3828: ./conftest
./configure: line 3830: ./conftest: cannot execute binary file
configure:3832: $? = 126
configure:3847: result: yes
configure:3852: checking for suffix of object files
configure:3874: /Users/meijian/Desktop/ConquerAndroidFFmpeg/toolchain-android/bin/arm-linux-androideabi-gcc --sysroot=/Users/meijian/Desktop/ConquerAndroidFFmpeg/toolchain-android/sysroot -c   conftest.c >&5
configure:3878: $? = 0
configure:3899: result: o
configure:3903: checking whether we are using the GNU C compiler
configure:3922: /Users/meijian/Desktop/ConquerAndroidFFmpeg/toolchain-android/bin/arm-linux-androideabi-gcc --sysroot=/Users/meijian/Desktop/ConquerAndroidFFmpeg/toolchain-android/sysroot -c   conftest.c >&5
configure:3922: $? = 0
configure:3931: result: yes
configure:3940: checking whether /Users/meijian/Desktop/ConquerAndroidFFmpeg/toolchain-android/bin/arm-linux-androideabi-gcc --sysroot=/Users/meijian/Desktop/ConquerAndroidFFmpeg/toolchain-android/sysroot accepts -g
configure:3960: /Users/meijian/Desktop/ConquerAndroidFFmpeg/toolchain-android/bin/arm-linux-androideabi-gcc --sysroot=/Users/meijian/Desktop/ConquerAndroidFFmpeg/toolchain-android/sysroot -c -g  conftest.c >&5
configure:3960: $? = 0
configure:4001: result: yes
configure:4018: checking for /Users/meijian/Desktop/ConquerAndroidFFmpeg/toolchain-android/bin/arm-linux-androideabi-gcc --sysroot=/Users/meijian/Desktop/ConquerAndroidFFmpeg/toolchain-android/sysroot option to accept ISO C89
configure:4081: /Users/meijian/Desktop/ConquerAndroidFFmpeg/toolchain-android/bin/arm-linux-androideabi-gcc --sysroot=/Users/meijian/Desktop/ConquerAndroidFFmpeg/toolchain-android/sysroot  -c -g -O2  conftest.c >&5
configure:4081: $? = 0
configure:4094: result: none needed
configure:4119: checking whether /Users/meijian/Desktop/ConquerAndroidFFmpeg/toolchain-android/bin/arm-linux-androideabi-gcc --sysroot=/Users/meijian/Desktop/ConquerAndroidFFmpeg/toolchain-android/sysroot understands -c and -o together
configure:4141: /Users/meijian/Desktop/ConquerAndroidFFmpeg/toolchain-android/bin/arm-linux-androideabi-gcc --sysroot=/Users/meijian/Desktop/ConquerAndroidFFmpeg/toolchain-android/sysroot -c conftest.c -o conftest2.o
configure:4144: $? = 0
configure:4141: /Users/meijian/Desktop/ConquerAndroidFFmpeg/toolchain-android/bin/arm-linux-androideabi-gcc --sysroot=/Users/meijian/Desktop/ConquerAndroidFFmpeg/toolchain-android/sysroot -c conftest.c -o conftest2.o
configure:4144: $? = 0
configure:4156: result: yes
configure:4175: checking dependency style of /Users/meijian/Desktop/ConquerAndroidFFmpeg/toolchain-android/bin/arm-linux-androideabi-gcc --sysroot=/Users/meijian/Desktop/ConquerAndroidFFmpeg/toolchain-android/sysroot
configure:4286: result: gcc3
configure:4301: checking for a sed that does not truncate output
configure:4365: result: /usr/bin/sed
configure:4383: checking for grep that handles long lines and -e
configure:4441: result: /usr/bin/grep
configure:4446: checking for egrep
configure:4508: result: /usr/bin/grep -E
configure:4513: checking for fgrep
configure:4575: result: /usr/bin/grep -F
configure:4610: checking for ld used by /Users/meijian/Desktop/ConquerAndroidFFmpeg/toolchain-android/bin/arm-linux-androideabi-gcc --sysroot=/Users/meijian/Desktop/ConquerAndroidFFmpeg/toolchain-android/sysroot
configure:4677: result: /Users/meijian/Desktop/ConquerAndroidFFmpeg/toolchain-android/bin/arm-linux-androideabi-ld
configure:4684: checking if the linker (/Users/meijian/Desktop/ConquerAndroidFFmpeg/toolchain-android/bin/arm-linux-androideabi-ld) is GNU ld
configure:4699: result: yes
configure:4711: checking for BSD- or MS-compatible name lister (nm)
configure:4765: result: /Users/meijian/Desktop/ConquerAndroidFFmpeg/toolchain-android/bin/arm-linux-androideabi-nm
configure:4895: checking the name lister (/Users/meijian/Desktop/ConquerAndroidFFmpeg/toolchain-android/bin/arm-linux-androideabi-nm) interface
configure:4902: /Users/meijian/Desktop/ConquerAndroidFFmpeg/toolchain-android/bin/arm-linux-androideabi-gcc --sysroot=/Users/meijian/Desktop/ConquerAndroidFFmpeg/toolchain-android/sysroot -c -g -O2  conftest.c >&5
configure:4905: /Users/meijian/Desktop/ConquerAndroidFFmpeg/toolchain-android/bin/arm-linux-androideabi-nm "conftest.o"
configure:4908: output
00000000 B some_variable
configure:4915: result: BSD nm
configure:4918: checking whether ln -s works
configure:4922: result: yes
configure:4930: checking the maximum length of command line arguments
configure:5061: result: 196608
configure:5109: checking how to convert x86_64-apple-darwin17.2.0 file names to arm-unknown-linux-androideabi format
configure:5149: result: func_convert_file_noop
configure:5156: checking how to convert x86_64-apple-darwin17.2.0 file names to toolchain format
configure:5176: result: func_convert_file_noop
configure:5183: checking for /Users/meijian/Desktop/ConquerAndroidFFmpeg/toolchain-android/bin/arm-linux-androideabi-ld option to reload object files
configure:5190: result: -r
configure:5224: checking for arm-linux-androideabi-objdump
configure:5251: result: /Users/meijian/Desktop/ConquerAndroidFFmpeg/toolchain-android/bin/arm-linux-androideabi-objdump
configure:5323: checking how to recognize dependent libraries
configure:5523: result: pass_all
configure:5568: checking for arm-linux-androideabi-dlltool
configure:5598: result: no
configure:5608: checking for dlltool
configure:5638: result: no
configure:5668: checking how to associate runtime and link libraries
configure:5695: result: printf %s\n
configure:5712: checking for arm-linux-androideabi-ar
configure:5739: result: /Users/meijian/Desktop/ConquerAndroidFFmpeg/toolchain-android/bin/arm-linux-androideabi-ar
configure:5820: checking for archiver @FILE support
configure:5837: /Users/meijian/Desktop/ConquerAndroidFFmpeg/toolchain-android/bin/arm-linux-androideabi-gcc --sysroot=/Users/meijian/Desktop/ConquerAndroidFFmpeg/toolchain-android/sysroot -c -g -O2  conftest.c >&5
configure:5837: $? = 0
configure:5840: /Users/meijian/Desktop/ConquerAndroidFFmpeg/toolchain-android/bin/arm-linux-androideabi-ar cru libconftest.a @conftest.lst >&5
configure:5843: $? = 0
configure:5848: /Users/meijian/Desktop/ConquerAndroidFFmpeg/toolchain-android/bin/arm-linux-androideabi-ar cru libconftest.a @conftest.lst >&5
/Users/meijian/Desktop/ConquerAndroidFFmpeg/toolchain-android/bin/arm-linux-androideabi-ar: conftest.o: No such file or directory
configure:5851: $? = 1
configure:5863: result: @
configure:5881: checking for arm-linux-androideabi-strip
configure:5908: result: /Users/meijian/Desktop/ConquerAndroidFFmpeg/toolchain-android/bin/arm-linux-androideabi-strip
configure:5980: checking for arm-linux-androideabi-ranlib
configure:6007: result: /Users/meijian/Desktop/ConquerAndroidFFmpeg/toolchain-android/bin/arm-linux-androideabi-ranlib
configure:6149: checking command to parse /Users/meijian/Desktop/ConquerAndroidFFmpeg/toolchain-android/bin/arm-linux-androideabi-nm output from /Users/meijian/Desktop/ConquerAndroidFFmpeg/toolchain-android/bin/arm-linux-androideabi-gcc --sysroot=/Users/meijian/Desktop/ConquerAndroidFFmpeg/toolchain-android/sysroot object
configure:6302: /Users/meijian/Desktop/ConquerAndroidFFmpeg/toolchain-android/bin/arm-linux-androideabi-gcc --sysroot=/Users/meijian/Desktop/ConquerAndroidFFmpeg/toolchain-android/sysroot -c -g -O2  conftest.c >&5
configure:6305: $? = 0
configure:6309: /Users/meijian/Desktop/ConquerAndroidFFmpeg/toolchain-android/bin/arm-linux-androideabi-nm conftest.o \| sed -n -e 's/^.*[ ]\([ABCDGIRSTW][ABCDGIRSTW]*\)[ ][ ]*\([_A-Za-z][_A-Za-z0-9]*\)$/\1 \2 \2/p' | sed '/ __gnu_lto/d' \> conftest.nm
configure:6312: $? = 0
configure:6378: /Users/meijian/Desktop/ConquerAndroidFFmpeg/toolchain-android/bin/arm-linux-androideabi-gcc --sysroot=/Users/meijian/Desktop/ConquerAndroidFFmpeg/toolchain-android/sysroot -o conftest -g -O2   conftest.c conftstm.o >&5
configure:6381: $? = 0
configure:6419: result: ok
configure:6466: checking for sysroot
configure:6496: result: /Users/meijian/Desktop/ConquerAndroidFFmpeg/toolchain-android/sysroot
configure:6503: checking for a working dd
configure:6541: result: /bin/dd
configure:6545: checking how to truncate binary pipes
configure:6560: result: /bin/dd bs=4096 count=1
configure:6849: checking for arm-linux-androideabi-mt
configure:6879: result: no
configure:6889: checking for mt
configure:6919: result: no
configure:6939: checking if : is a manifest tool
configure:6945: : '-?'
configure:6953: result: no
configure:7630: checking how to run the C preprocessor
configure:7700: result: /Users/meijian/Desktop/ConquerAndroidFFmpeg/toolchain-android/bin/arm-linux-androideabi-cpp
configure:7720: /Users/meijian/Desktop/ConquerAndroidFFmpeg/toolchain-android/bin/arm-linux-androideabi-cpp  conftest.c
configure:7720: $? = 0
configure:7734: /Users/meijian/Desktop/ConquerAndroidFFmpeg/toolchain-android/bin/arm-linux-androideabi-cpp  conftest.c
conftest.c:9:28: fatal error: ac_nonexistent.h: No such file or directory
 #include <ac_nonexistent.h>
                            ^
compilation terminated.
configure:7734: $? = 1
configure: failed program was:
| /* confdefs.h */
| #define PACKAGE_NAME "GNU FriBidi"
| #define PACKAGE_TARNAME "fribidi"
| #define PACKAGE_VERSION "0.19.6"
| #define PACKAGE_STRING "GNU FriBidi 0.19.6"
| #define PACKAGE_BUGREPORT "http://bugs.freedesktop.org/enter_bug.cgi?product=fribidi"
| #define PACKAGE_URL "http://fribidi.org/"
| /* end confdefs.h.  */
| #include <ac_nonexistent.h>
configure:7763: checking for ANSI C header files
configure:7783: /Users/meijian/Desktop/ConquerAndroidFFmpeg/toolchain-android/bin/arm-linux-androideabi-gcc --sysroot=/Users/meijian/Desktop/ConquerAndroidFFmpeg/toolchain-android/sysroot -c -g -O2  conftest.c >&5
configure:7783: $? = 0
configure:7867: result: yes
configure:7880: checking for sys/types.h
configure:7880: /Users/meijian/Desktop/ConquerAndroidFFmpeg/toolchain-android/bin/arm-linux-androideabi-gcc --sysroot=/Users/meijian/Desktop/ConquerAndroidFFmpeg/toolchain-android/sysroot -c -g -O2  conftest.c >&5
configure:7880: $? = 0
configure:7880: result: yes
configure:7880: checking for sys/stat.h
configure:7880: /Users/meijian/Desktop/ConquerAndroidFFmpeg/toolchain-android/bin/arm-linux-androideabi-gcc --sysroot=/Users/meijian/Desktop/ConquerAndroidFFmpeg/toolchain-android/sysroot -c -g -O2  conftest.c >&5
configure:7880: $? = 0
configure:7880: result: yes
configure:7880: checking for stdlib.h
configure:7880: /Users/meijian/Desktop/ConquerAndroidFFmpeg/toolchain-android/bin/arm-linux-androideabi-gcc --sysroot=/Users/meijian/Desktop/ConquerAndroidFFmpeg/toolchain-android/sysroot -c -g -O2  conftest.c >&5
configure:7880: $? = 0
configure:7880: result: yes
configure:7880: checking for string.h
configure:7880: /Users/meijian/Desktop/ConquerAndroidFFmpeg/toolchain-android/bin/arm-linux-androideabi-gcc --sysroot=/Users/meijian/Desktop/ConquerAndroidFFmpeg/toolchain-android/sysroot -c -g -O2  conftest.c >&5
configure:7880: $? = 0
configure:7880: result: yes
configure:7880: checking for memory.h
configure:7880: /Users/meijian/Desktop/ConquerAndroidFFmpeg/toolchain-android/bin/arm-linux-androideabi-gcc --sysroot=/Users/meijian/Desktop/ConquerAndroidFFmpeg/toolchain-android/sysroot -c -g -O2  conftest.c >&5
configure:7880: $? = 0
configure:7880: result: yes
configure:7880: checking for strings.h
configure:7880: /Users/meijian/Desktop/ConquerAndroidFFmpeg/toolchain-android/bin/arm-linux-androideabi-gcc --sysroot=/Users/meijian/Desktop/ConquerAndroidFFmpeg/toolchain-android/sysroot -c -g -O2  conftest.c >&5
configure:7880: $? = 0
configure:7880: result: yes
configure:7880: checking for inttypes.h
configure:7880: /Users/meijian/Desktop/ConquerAndroidFFmpeg/toolchain-android/bin/arm-linux-androideabi-gcc --sysroot=/Users/meijian/Desktop/ConquerAndroidFFmpeg/toolchain-android/sysroot -c -g -O2  conftest.c >&5
configure:7880: $? = 0
configure:7880: result: yes
configure:7880: checking for stdint.h
configure:7880: /Users/meijian/Desktop/ConquerAndroidFFmpeg/toolchain-android/bin/arm-linux-androideabi-gcc --sysroot=/Users/meijian/Desktop/ConquerAndroidFFmpeg/toolchain-android/sysroot -c -g -O2  conftest.c >&5
configure:7880: $? = 0
configure:7880: result: yes
configure:7880: checking for unistd.h
configure:7880: /Users/meijian/Desktop/ConquerAndroidFFmpeg/toolchain-android/bin/arm-linux-androideabi-gcc --sysroot=/Users/meijian/Desktop/ConquerAndroidFFmpeg/toolchain-android/sysroot -c -g -O2  conftest.c >&5
configure:7880: $? = 0
configure:7880: result: yes
configure:7894: checking for dlfcn.h
configure:7894: /Users/meijian/Desktop/ConquerAndroidFFmpeg/toolchain-android/bin/arm-linux-androideabi-gcc --sysroot=/Users/meijian/Desktop/ConquerAndroidFFmpeg/toolchain-android/sysroot -c -g -O2  conftest.c >&5
configure:7894: $? = 0
configure:7894: result: yes
configure:8149: checking for objdir
configure:8164: result: .libs
configure:8424: checking if /Users/meijian/Desktop/ConquerAndroidFFmpeg/toolchain-android/bin/arm-linux-androideabi-gcc --sysroot=/Users/meijian/Desktop/ConquerAndroidFFmpeg/toolchain-android/sysroot supports -fno-rtti -fno-exceptions
configure:8442: /Users/meijian/Desktop/ConquerAndroidFFmpeg/toolchain-android/bin/arm-linux-androideabi-gcc --sysroot=/Users/meijian/Desktop/ConquerAndroidFFmpeg/toolchain-android/sysroot -c -g -O2  -fno-rtti -fno-exceptions conftest.c >&5
cc1: warning: command line option '-fno-rtti' is valid for C++/ObjC++ but not for C
configure:8446: $? = 0
configure:8459: result: no
configure:8817: checking for /Users/meijian/Desktop/ConquerAndroidFFmpeg/toolchain-android/bin/arm-linux-androideabi-gcc --sysroot=/Users/meijian/Desktop/ConquerAndroidFFmpeg/toolchain-android/sysroot option to produce PIC
configure:8824: result: -fPIC -DPIC
configure:8832: checking if /Users/meijian/Desktop/ConquerAndroidFFmpeg/toolchain-android/bin/arm-linux-androideabi-gcc --sysroot=/Users/meijian/Desktop/ConquerAndroidFFmpeg/toolchain-android/sysroot PIC flag -fPIC -DPIC works
configure:8850: /Users/meijian/Desktop/ConquerAndroidFFmpeg/toolchain-android/bin/arm-linux-androideabi-gcc --sysroot=/Users/meijian/Desktop/ConquerAndroidFFmpeg/toolchain-android/sysroot -c -g -O2  -fPIC -DPIC -DPIC conftest.c >&5
configure:8854: $? = 0
configure:8867: result: yes
configure:8896: checking if /Users/meijian/Desktop/ConquerAndroidFFmpeg/toolchain-android/bin/arm-linux-androideabi-gcc --sysroot=/Users/meijian/Desktop/ConquerAndroidFFmpeg/toolchain-android/sysroot static flag -static works
configure:8924: result: yes
configure:8939: checking if /Users/meijian/Desktop/ConquerAndroidFFmpeg/toolchain-android/bin/arm-linux-androideabi-gcc --sysroot=/Users/meijian/Desktop/ConquerAndroidFFmpeg/toolchain-android/sysroot supports -c -o file.o
configure:8960: /Users/meijian/Desktop/ConquerAndroidFFmpeg/toolchain-android/bin/arm-linux-androideabi-gcc --sysroot=/Users/meijian/Desktop/ConquerAndroidFFmpeg/toolchain-android/sysroot -c -g -O2  -o out/conftest2.o conftest.c >&5
configure:8964: $? = 0
configure:8986: result: yes
configure:8994: checking if /Users/meijian/Desktop/ConquerAndroidFFmpeg/toolchain-android/bin/arm-linux-androideabi-gcc --sysroot=/Users/meijian/Desktop/ConquerAndroidFFmpeg/toolchain-android/sysroot supports -c -o file.o
configure:9041: result: yes
configure:9074: checking whether the /Users/meijian/Desktop/ConquerAndroidFFmpeg/toolchain-android/bin/arm-linux-androideabi-gcc --sysroot=/Users/meijian/Desktop/ConquerAndroidFFmpeg/toolchain-android/sysroot linker (/Users/meijian/Desktop/ConquerAndroidFFmpeg/toolchain-android/bin/arm-linux-androideabi-ld) supports shared libraries
configure:10333: result: yes
configure:10573: checking dynamic linker characteristics
configure:11391: result: Android linker
configure:11513: checking how to hardcode library paths into programs
configure:11538: result: immediate
configure:12086: checking whether stripping libraries is possible
configure:12091: result: yes
configure:12126: checking if libtool supports shared libraries
configure:12128: result: yes
configure:12131: checking whether to build shared libraries
configure:12156: result: no
configure:12159: checking whether to build static libraries
configure:12163: result: yes
configure:12233: checking for arm-linux-androideabi-gcc
configure:12260: result: /Users/meijian/Desktop/ConquerAndroidFFmpeg/toolchain-android/bin/arm-linux-androideabi-gcc --sysroot=/Users/meijian/Desktop/ConquerAndroidFFmpeg/toolchain-android/sysroot
configure:12529: checking for C compiler version
configure:12538: /Users/meijian/Desktop/ConquerAndroidFFmpeg/toolchain-android/bin/arm-linux-androideabi-gcc --sysroot=/Users/meijian/Desktop/ConquerAndroidFFmpeg/toolchain-android/sysroot --version >&5
arm-linux-androideabi-gcc (GCC) 4.9 20140827 (prerelease)
Copyright (C) 2014 Free Software Foundation, Inc.
This is free software; see the source for copying conditions.  There is NO
warranty; not even for MERCHANTABILITY or FITNESS FOR A PARTICULAR PURPOSE.

configure:12549: $? = 0
configure:12538: /Users/meijian/Desktop/ConquerAndroidFFmpeg/toolchain-android/bin/arm-linux-androideabi-gcc --sysroot=/Users/meijian/Desktop/ConquerAndroidFFmpeg/toolchain-android/sysroot -v >&5
Using built-in specs.
COLLECT_GCC=/Users/meijian/Desktop/ConquerAndroidFFmpeg/toolchain-android/bin/arm-linux-androideabi-gcc
COLLECT_LTO_WRAPPER=/Users/meijian/Desktop/ConquerAndroidFFmpeg/toolchain-android/bin/../libexec/gcc/arm-linux-androideabi/4.9/lto-wrapper
Target: arm-linux-androideabi
Configured with: /s/ndk-toolchain/src/build/../gcc/gcc-4.9/configure --prefix=/tmp/ndk-User/build/toolchain/prefix --target=arm-linux-androideabi --host=x86_64-apple-darwin --build=x86_64-apple-darwin --with-gnu-as --with-gnu-ld --enable-languages=c,c++ --with-gmp=/tmp/ndk-User/build/toolchain/temp-install --with-mpfr=/tmp/ndk-User/build/toolchain/temp-install --with-mpc=/tmp/ndk-User/build/toolchain/temp-install --with-cloog=/tmp/ndk-User/build/toolchain/temp-install --with-isl=/tmp/ndk-User/build/toolchain/temp-install --with-ppl=/tmp/ndk-User/build/toolchain/temp-install --disable-ppl-version-check --disable-cloog-version-check --disable-isl-version-check --enable-cloog-backend=isl --with-host-libstdcxx='-static-libgcc -lstdc++ -lm' --disable-libssp --enable-threads --disable-nls --disable-libmudflap --disable-libgomp --disable-libstdc__-v3 --disable-sjlj-exceptions --disable-shared --disable-tls --disable-libitm --with-float=soft --with-fpu=vfp --with-arch=armv5te --enable-target-optspace --enable-initfini-array --disable-nls --prefix=/tmp/ndk-User/build/toolchain/prefix --with-sysroot=/tmp/ndk-User/build/toolchain/prefix/sysroot --with-binutils-version=2.25 --with-mpfr-version=3.1.1 --with-mpc-version=1.0.1 --with-gmp-version=5.0.5 --with-gcc-version=4.9 --with-gdb-version=7.7 --with-python=/Users/User/mydroid/ndk/prebuilt/darwin-x86_64/bin/python-config.sh --with-gxx-include-dir=/tmp/ndk-User/build/toolchain/prefix/include/c++/4.9 --with-bugurl=http://source.android.com/source/report-bugs.html --enable-languages=c,c++ --disable-bootstrap --enable-plugins --enable-libgomp --enable-gnu-indirect-function --disable-libsanitizer --enable-gold --enable-threads --enable-graphite=yes --with-cloog-version=0.18.0 --with-isl-version=0.11.1 --enable-eh-frame-hdr-for-static --with-arch=armv5te --program-transform-name='s&^&arm-linux-androideabi-&' --enable-gold=default
Thread model: posix
gcc version 4.9 20140827 (prerelease) (GCC) 
configure:12549: $? = 0
configure:12538: /Users/meijian/Desktop/ConquerAndroidFFmpeg/toolchain-android/bin/arm-linux-androideabi-gcc --sysroot=/Users/meijian/Desktop/ConquerAndroidFFmpeg/toolchain-android/sysroot -V >&5
arm-linux-androideabi-gcc: error: unrecognized command line option '-V'
arm-linux-androideabi-gcc: fatal error: no input files
compilation terminated.
configure:12549: $? = 1
configure:12538: /Users/meijian/Desktop/ConquerAndroidFFmpeg/toolchain-android/bin/arm-linux-androideabi-gcc --sysroot=/Users/meijian/Desktop/ConquerAndroidFFmpeg/toolchain-android/sysroot -qversion >&5
arm-linux-androideabi-gcc: error: unrecognized command line option '-qversion'
arm-linux-androideabi-gcc: fatal error: no input files
compilation terminated.
configure:12549: $? = 1
configure:12553: checking whether we are using the GNU C compiler
configure:12581: result: yes
configure:12590: checking whether /Users/meijian/Desktop/ConquerAndroidFFmpeg/toolchain-android/bin/arm-linux-androideabi-gcc --sysroot=/Users/meijian/Desktop/ConquerAndroidFFmpeg/toolchain-android/sysroot accepts -g
configure:12651: result: yes
configure:12668: checking for /Users/meijian/Desktop/ConquerAndroidFFmpeg/toolchain-android/bin/arm-linux-androideabi-gcc --sysroot=/Users/meijian/Desktop/ConquerAndroidFFmpeg/toolchain-android/sysroot option to accept ISO C89
configure:12744: result: none needed
configure:12769: checking whether /Users/meijian/Desktop/ConquerAndroidFFmpeg/toolchain-android/bin/arm-linux-androideabi-gcc --sysroot=/Users/meijian/Desktop/ConquerAndroidFFmpeg/toolchain-android/sysroot understands -c and -o together
configure:12806: result: yes
configure:12825: checking dependency style of /Users/meijian/Desktop/ConquerAndroidFFmpeg/toolchain-android/bin/arm-linux-androideabi-gcc --sysroot=/Users/meijian/Desktop/ConquerAndroidFFmpeg/toolchain-android/sysroot
configure:12936: result: gcc3
configure:12963: checking for arm-linux-androideabi-pkg-config
configure:12996: result: no
configure:13006: checking for pkg-config
configure:13024: found /usr/local/bin/pkg-config
configure:13036: result: /usr/local/bin/pkg-config
configure:13048: WARNING: using cross tools not prefixed with host triplet
configure:13061: checking pkg-config is at least version 0.9.0
configure:13064: result: yes
configure:13072: checking for native Win32
configure:13078: result: no
configure:13088: checking for some Win32 platform
configure:13094: result: no
configure:13107: checking for ANSI C header files
configure:13211: result: yes
configure:13222: checking for stdlib.h
configure:13222: result: yes
configure:13222: checking for string.h
configure:13222: result: yes
configure:13222: checking for strings.h
configure:13222: result: yes
configure:13222: checking for inttypes.h
configure:13222: result: yes
configure:13222: checking wchar.h usability
configure:13222: /Users/meijian/Desktop/ConquerAndroidFFmpeg/toolchain-android/bin/arm-linux-androideabi-gcc --sysroot=/Users/meijian/Desktop/ConquerAndroidFFmpeg/toolchain-android/sysroot -c -g -O2  conftest.c >&5
configure:13222: $? = 0
configure:13222: result: yes
configure:13222: checking wchar.h presence
configure:13222: /Users/meijian/Desktop/ConquerAndroidFFmpeg/toolchain-android/bin/arm-linux-androideabi-cpp  conftest.c
configure:13222: $? = 0
configure:13222: result: yes
configure:13222: checking for wchar.h
configure:13222: result: yes
configure:13222: checking asm/page.h usability
configure:13222: /Users/meijian/Desktop/ConquerAndroidFFmpeg/toolchain-android/bin/arm-linux-androideabi-gcc --sysroot=/Users/meijian/Desktop/ConquerAndroidFFmpeg/toolchain-android/sysroot -c -g -O2  conftest.c >&5
configure:13222: $? = 0
configure:13222: result: yes
configure:13222: checking asm/page.h presence
configure:13222: /Users/meijian/Desktop/ConquerAndroidFFmpeg/toolchain-android/bin/arm-linux-androideabi-cpp  conftest.c
configure:13222: $? = 0
configure:13222: result: yes
configure:13222: checking for asm/page.h
configure:13222: result: yes
configure:13222: checking sys/times.h usability
configure:13222: /Users/meijian/Desktop/ConquerAndroidFFmpeg/toolchain-android/bin/arm-linux-androideabi-gcc --sysroot=/Users/meijian/Desktop/ConquerAndroidFFmpeg/toolchain-android/sysroot -c -g -O2  conftest.c >&5
configure:13222: $? = 0
configure:13222: result: yes
configure:13222: checking sys/times.h presence
configure:13222: /Users/meijian/Desktop/ConquerAndroidFFmpeg/toolchain-android/bin/arm-linux-androideabi-cpp  conftest.c
configure:13222: $? = 0
configure:13222: result: yes
configure:13222: checking for sys/times.h
configure:13222: result: yes
configure:13234: checking for an ANSI C-conforming const
configure:13300: /Users/meijian/Desktop/ConquerAndroidFFmpeg/toolchain-android/bin/arm-linux-androideabi-gcc --sysroot=/Users/meijian/Desktop/ConquerAndroidFFmpeg/toolchain-android/sysroot -c -g -O2  conftest.c >&5
configure:13300: $? = 0
configure:13307: result: yes
configure:13315: checking for preprocessor stringizing operator
configure:13335: result: yes
configure:13347: checking size of int
configure:13352: /Users/meijian/Desktop/ConquerAndroidFFmpeg/toolchain-android/bin/arm-linux-androideabi-gcc --sysroot=/Users/meijian/Desktop/ConquerAndroidFFmpeg/toolchain-android/sysroot -c -g -O2  conftest.c >&5
configure:13352: $? = 0
configure:13352: /Users/meijian/Desktop/ConquerAndroidFFmpeg/toolchain-android/bin/arm-linux-androideabi-gcc --sysroot=/Users/meijian/Desktop/ConquerAndroidFFmpeg/toolchain-android/sysroot -c -g -O2  conftest.c >&5
conftest.c: In function 'main':
conftest.c:66:12: error: size of array 'test_array' is negative
 static int test_array [1 - 2 * !(((long int) (sizeof (int))) <= 0)];
            ^
configure:13352: $? = 1
configure: failed program was:
| /* confdefs.h */
| #define PACKAGE_NAME "GNU FriBidi"
| #define PACKAGE_TARNAME "fribidi"
| #define PACKAGE_VERSION "0.19.6"
| #define PACKAGE_STRING "GNU FriBidi 0.19.6"
| #define PACKAGE_BUGREPORT "http://bugs.freedesktop.org/enter_bug.cgi?product=fribidi"
| #define PACKAGE_URL "http://fribidi.org/"
| #define STDC_HEADERS 1
| #define HAVE_SYS_TYPES_H 1
| #define HAVE_SYS_STAT_H 1
| #define HAVE_STDLIB_H 1
| #define HAVE_STRING_H 1
| #define HAVE_MEMORY_H 1
| #define HAVE_STRINGS_H 1
| #define HAVE_INTTYPES_H 1
| #define HAVE_STDINT_H 1
| #define HAVE_UNISTD_H 1
| #define HAVE_DLFCN_H 1
| #define LT_OBJDIR ".libs/"
| #define STDC_HEADERS 1
| #define HAVE_STDLIB_H 1
| #define HAVE_STRING_H 1
| #define HAVE_STRINGS_H 1
| #define HAVE_INTTYPES_H 1
| #define HAVE_WCHAR_H 1
| #define HAVE_ASM_PAGE_H 1
| #define HAVE_SYS_TIMES_H 1
| #define HAVE_STRINGIZE 1
| /* end confdefs.h.  */
| #include <stdio.h>
| #ifdef HAVE_SYS_TYPES_H
| # include <sys/types.h>
| #endif
| #ifdef HAVE_SYS_STAT_H
| # include <sys/stat.h>
| #endif
| #ifdef STDC_HEADERS
| # include <stdlib.h>
| # include <stddef.h>
| #else
| # ifdef HAVE_STDLIB_H
| #  include <stdlib.h>
| # endif
| #endif
| #ifdef HAVE_STRING_H
| # if !defined STDC_HEADERS && defined HAVE_MEMORY_H
| #  include <memory.h>
| # endif
| # include <string.h>
| #endif
| #ifdef HAVE_STRINGS_H
| # include <strings.h>
| #endif
| #ifdef HAVE_INTTYPES_H
| # include <inttypes.h>
| #endif
| #ifdef HAVE_STDINT_H
| # include <stdint.h>
| #endif
| #ifdef HAVE_UNISTD_H
| # include <unistd.h>
| #endif
| int
| main ()
| {
| static int test_array [1 - 2 * !(((long int) (sizeof (int))) <= 0)];
| test_array [0] = 0;
| return test_array [0];
| 
|   ;
|   return 0;
| }
configure:13352: /Users/meijian/Desktop/ConquerAndroidFFmpeg/toolchain-android/bin/arm-linux-androideabi-gcc --sysroot=/Users/meijian/Desktop/ConquerAndroidFFmpeg/toolchain-android/sysroot -c -g -O2  conftest.c >&5
conftest.c: In function 'main':
conftest.c:66:12: error: size of array 'test_array' is negative
 static int test_array [1 - 2 * !(((long int) (sizeof (int))) <= 1)];
            ^
configure:13352: $? = 1
configure: failed program was:
| /* confdefs.h */
| #define PACKAGE_NAME "GNU FriBidi"
| #define PACKAGE_TARNAME "fribidi"
| #define PACKAGE_VERSION "0.19.6"
| #define PACKAGE_STRING "GNU FriBidi 0.19.6"
| #define PACKAGE_BUGREPORT "http://bugs.freedesktop.org/enter_bug.cgi?product=fribidi"
| #define PACKAGE_URL "http://fribidi.org/"
| #define STDC_HEADERS 1
| #define HAVE_SYS_TYPES_H 1
| #define HAVE_SYS_STAT_H 1
| #define HAVE_STDLIB_H 1
| #define HAVE_STRING_H 1
| #define HAVE_MEMORY_H 1
| #define HAVE_STRINGS_H 1
| #define HAVE_INTTYPES_H 1
| #define HAVE_STDINT_H 1
| #define HAVE_UNISTD_H 1
| #define HAVE_DLFCN_H 1
| #define LT_OBJDIR ".libs/"
| #define STDC_HEADERS 1
| #define HAVE_STDLIB_H 1
| #define HAVE_STRING_H 1
| #define HAVE_STRINGS_H 1
| #define HAVE_INTTYPES_H 1
| #define HAVE_WCHAR_H 1
| #define HAVE_ASM_PAGE_H 1
| #define HAVE_SYS_TIMES_H 1
| #define HAVE_STRINGIZE 1
| /* end confdefs.h.  */
| #include <stdio.h>
| #ifdef HAVE_SYS_TYPES_H
| # include <sys/types.h>
| #endif
| #ifdef HAVE_SYS_STAT_H
| # include <sys/stat.h>
| #endif
| #ifdef STDC_HEADERS
| # include <stdlib.h>
| # include <stddef.h>
| #else
| # ifdef HAVE_STDLIB_H
| #  include <stdlib.h>
| # endif
| #endif
| #ifdef HAVE_STRING_H
| # if !defined STDC_HEADERS && defined HAVE_MEMORY_H
| #  include <memory.h>
| # endif
| # include <string.h>
| #endif
| #ifdef HAVE_STRINGS_H
| # include <strings.h>
| #endif
| #ifdef HAVE_INTTYPES_H
| # include <inttypes.h>
| #endif
| #ifdef HAVE_STDINT_H
| # include <stdint.h>
| #endif
| #ifdef HAVE_UNISTD_H
| # include <unistd.h>
| #endif
| int
| main ()
| {
| static int test_array [1 - 2 * !(((long int) (sizeof (int))) <= 1)];
| test_array [0] = 0;
| return test_array [0];
| 
|   ;
|   return 0;
| }
configure:13352: /Users/meijian/Desktop/ConquerAndroidFFmpeg/toolchain-android/bin/arm-linux-androideabi-gcc --sysroot=/Users/meijian/Desktop/ConquerAndroidFFmpeg/toolchain-android/sysroot -c -g -O2  conftest.c >&5
conftest.c: In function 'main':
conftest.c:66:12: error: size of array 'test_array' is negative
 static int test_array [1 - 2 * !(((long int) (sizeof (int))) <= 3)];
            ^
configure:13352: $? = 1
configure: failed program was:
| /* confdefs.h */
| #define PACKAGE_NAME "GNU FriBidi"
| #define PACKAGE_TARNAME "fribidi"
| #define PACKAGE_VERSION "0.19.6"
| #define PACKAGE_STRING "GNU FriBidi 0.19.6"
| #define PACKAGE_BUGREPORT "http://bugs.freedesktop.org/enter_bug.cgi?product=fribidi"
| #define PACKAGE_URL "http://fribidi.org/"
| #define STDC_HEADERS 1
| #define HAVE_SYS_TYPES_H 1
| #define HAVE_SYS_STAT_H 1
| #define HAVE_STDLIB_H 1
| #define HAVE_STRING_H 1
| #define HAVE_MEMORY_H 1
| #define HAVE_STRINGS_H 1
| #define HAVE_INTTYPES_H 1
| #define HAVE_STDINT_H 1
| #define HAVE_UNISTD_H 1
| #define HAVE_DLFCN_H 1
| #define LT_OBJDIR ".libs/"
| #define STDC_HEADERS 1
| #define HAVE_STDLIB_H 1
| #define HAVE_STRING_H 1
| #define HAVE_STRINGS_H 1
| #define HAVE_INTTYPES_H 1
| #define HAVE_WCHAR_H 1
| #define HAVE_ASM_PAGE_H 1
| #define HAVE_SYS_TIMES_H 1
| #define HAVE_STRINGIZE 1
| /* end confdefs.h.  */
| #include <stdio.h>
| #ifdef HAVE_SYS_TYPES_H
| # include <sys/types.h>
| #endif
| #ifdef HAVE_SYS_STAT_H
| # include <sys/stat.h>
| #endif
| #ifdef STDC_HEADERS
| # include <stdlib.h>
| # include <stddef.h>
| #else
| # ifdef HAVE_STDLIB_H
| #  include <stdlib.h>
| # endif
| #endif
| #ifdef HAVE_STRING_H
| # if !defined STDC_HEADERS && defined HAVE_MEMORY_H
| #  include <memory.h>
| # endif
| # include <string.h>
| #endif
| #ifdef HAVE_STRINGS_H
| # include <strings.h>
| #endif
| #ifdef HAVE_INTTYPES_H
| # include <inttypes.h>
| #endif
| #ifdef HAVE_STDINT_H
| # include <stdint.h>
| #endif
| #ifdef HAVE_UNISTD_H
| # include <unistd.h>
| #endif
| int
| main ()
| {
| static int test_array [1 - 2 * !(((long int) (sizeof (int))) <= 3)];
| test_array [0] = 0;
| return test_array [0];
| 
|   ;
|   return 0;
| }
configure:13352: /Users/meijian/Desktop/ConquerAndroidFFmpeg/toolchain-android/bin/arm-linux-androideabi-gcc --sysroot=/Users/meijian/Desktop/ConquerAndroidFFmpeg/toolchain-android/sysroot -c -g -O2  conftest.c >&5
configure:13352: $? = 0
configure:13352: /Users/meijian/Desktop/ConquerAndroidFFmpeg/toolchain-android/bin/arm-linux-androideabi-gcc --sysroot=/Users/meijian/Desktop/ConquerAndroidFFmpeg/toolchain-android/sysroot -c -g -O2  conftest.c >&5
configure:13352: $? = 0
configure:13352: /Users/meijian/Desktop/ConquerAndroidFFmpeg/toolchain-android/bin/arm-linux-androideabi-gcc --sysroot=/Users/meijian/Desktop/ConquerAndroidFFmpeg/toolchain-android/sysroot -c -g -O2  conftest.c >&5
configure:13352: $? = 0
configure:13366: result: 4
configure:13382: checking size of short
configure:13387: /Users/meijian/Desktop/ConquerAndroidFFmpeg/toolchain-android/bin/arm-linux-androideabi-gcc --sysroot=/Users/meijian/Desktop/ConquerAndroidFFmpeg/toolchain-android/sysroot -c -g -O2  conftest.c >&5
configure:13387: $? = 0
configure:13387: /Users/meijian/Desktop/ConquerAndroidFFmpeg/toolchain-android/bin/arm-linux-androideabi-gcc --sysroot=/Users/meijian/Desktop/ConquerAndroidFFmpeg/toolchain-android/sysroot -c -g -O2  conftest.c >&5
conftest.c: In function 'main':
conftest.c:67:12: error: size of array 'test_array' is negative
 static int test_array [1 - 2 * !(((long int) (sizeof (short))) <= 0)];
            ^
configure:13387: $? = 1
configure: failed program was:
| /* confdefs.h */
| #define PACKAGE_NAME "GNU FriBidi"
| #define PACKAGE_TARNAME "fribidi"
| #define PACKAGE_VERSION "0.19.6"
| #define PACKAGE_STRING "GNU FriBidi 0.19.6"
| #define PACKAGE_BUGREPORT "http://bugs.freedesktop.org/enter_bug.cgi?product=fribidi"
| #define PACKAGE_URL "http://fribidi.org/"
| #define STDC_HEADERS 1
| #define HAVE_SYS_TYPES_H 1
| #define HAVE_SYS_STAT_H 1
| #define HAVE_STDLIB_H 1
| #define HAVE_STRING_H 1
| #define HAVE_MEMORY_H 1
| #define HAVE_STRINGS_H 1
| #define HAVE_INTTYPES_H 1
| #define HAVE_STDINT_H 1
| #define HAVE_UNISTD_H 1
| #define HAVE_DLFCN_H 1
| #define LT_OBJDIR ".libs/"
| #define STDC_HEADERS 1
| #define HAVE_STDLIB_H 1
| #define HAVE_STRING_H 1
| #define HAVE_STRINGS_H 1
| #define HAVE_INTTYPES_H 1
| #define HAVE_WCHAR_H 1
| #define HAVE_ASM_PAGE_H 1
| #define HAVE_SYS_TIMES_H 1
| #define HAVE_STRINGIZE 1
| #define SIZEOF_INT 4
| /* end confdefs.h.  */
| #include <stdio.h>
| #ifdef HAVE_SYS_TYPES_H
| # include <sys/types.h>
| #endif
| #ifdef HAVE_SYS_STAT_H
| # include <sys/stat.h>
| #endif
| #ifdef STDC_HEADERS
| # include <stdlib.h>
| # include <stddef.h>
| #else
| # ifdef HAVE_STDLIB_H
| #  include <stdlib.h>
| # endif
| #endif
| #ifdef HAVE_STRING_H
| # if !defined STDC_HEADERS && defined HAVE_MEMORY_H
| #  include <memory.h>
| # endif
| # include <string.h>
| #endif
| #ifdef HAVE_STRINGS_H
| # include <strings.h>
| #endif
| #ifdef HAVE_INTTYPES_H
| # include <inttypes.h>
| #endif
| #ifdef HAVE_STDINT_H
| # include <stdint.h>
| #endif
| #ifdef HAVE_UNISTD_H
| # include <unistd.h>
| #endif
| int
| main ()
| {
| static int test_array [1 - 2 * !(((long int) (sizeof (short))) <= 0)];
| test_array [0] = 0;
| return test_array [0];
| 
|   ;
|   return 0;
| }
configure:13387: /Users/meijian/Desktop/ConquerAndroidFFmpeg/toolchain-android/bin/arm-linux-androideabi-gcc --sysroot=/Users/meijian/Desktop/ConquerAndroidFFmpeg/toolchain-android/sysroot -c -g -O2  conftest.c >&5
conftest.c: In function 'main':
conftest.c:67:12: error: size of array 'test_array' is negative
 static int test_array [1 - 2 * !(((long int) (sizeof (short))) <= 1)];
            ^
configure:13387: $? = 1
configure: failed program was:
| /* confdefs.h */
| #define PACKAGE_NAME "GNU FriBidi"
| #define PACKAGE_TARNAME "fribidi"
| #define PACKAGE_VERSION "0.19.6"
| #define PACKAGE_STRING "GNU FriBidi 0.19.6"
| #define PACKAGE_BUGREPORT "http://bugs.freedesktop.org/enter_bug.cgi?product=fribidi"
| #define PACKAGE_URL "http://fribidi.org/"
| #define STDC_HEADERS 1
| #define HAVE_SYS_TYPES_H 1
| #define HAVE_SYS_STAT_H 1
| #define HAVE_STDLIB_H 1
| #define HAVE_STRING_H 1
| #define HAVE_MEMORY_H 1
| #define HAVE_STRINGS_H 1
| #define HAVE_INTTYPES_H 1
| #define HAVE_STDINT_H 1
| #define HAVE_UNISTD_H 1
| #define HAVE_DLFCN_H 1
| #define LT_OBJDIR ".libs/"
| #define STDC_HEADERS 1
| #define HAVE_STDLIB_H 1
| #define HAVE_STRING_H 1
| #define HAVE_STRINGS_H 1
| #define HAVE_INTTYPES_H 1
| #define HAVE_WCHAR_H 1
| #define HAVE_ASM_PAGE_H 1
| #define HAVE_SYS_TIMES_H 1
| #define HAVE_STRINGIZE 1
| #define SIZEOF_INT 4
| /* end confdefs.h.  */
| #include <stdio.h>
| #ifdef HAVE_SYS_TYPES_H
| # include <sys/types.h>
| #endif
| #ifdef HAVE_SYS_STAT_H
| # include <sys/stat.h>
| #endif
| #ifdef STDC_HEADERS
| # include <stdlib.h>
| # include <stddef.h>
| #else
| # ifdef HAVE_STDLIB_H
| #  include <stdlib.h>
| # endif
| #endif
| #ifdef HAVE_STRING_H
| # if !defined STDC_HEADERS && defined HAVE_MEMORY_H
| #  include <memory.h>
| # endif
| # include <string.h>
| #endif
| #ifdef HAVE_STRINGS_H
| # include <strings.h>
| #endif
| #ifdef HAVE_INTTYPES_H
| # include <inttypes.h>
| #endif
| #ifdef HAVE_STDINT_H
| # include <stdint.h>
| #endif
| #ifdef HAVE_UNISTD_H
| # include <unistd.h>
| #endif
| int
| main ()
| {
| static int test_array [1 - 2 * !(((long int) (sizeof (short))) <= 1)];
| test_array [0] = 0;
| return test_array [0];
| 
|   ;
|   return 0;
| }
configure:13387: /Users/meijian/Desktop/ConquerAndroidFFmpeg/toolchain-android/bin/arm-linux-androideabi-gcc --sysroot=/Users/meijian/Desktop/ConquerAndroidFFmpeg/toolchain-android/sysroot -c -g -O2  conftest.c >&5
configure:13387: $? = 0
configure:13387: /Users/meijian/Desktop/ConquerAndroidFFmpeg/toolchain-android/bin/arm-linux-androideabi-gcc --sysroot=/Users/meijian/Desktop/ConquerAndroidFFmpeg/toolchain-android/sysroot -c -g -O2  conftest.c >&5
configure:13387: $? = 0
configure:13401: result: 2
configure:13415: checking size of void *
configure:13420: /Users/meijian/Desktop/ConquerAndroidFFmpeg/toolchain-android/bin/arm-linux-androideabi-gcc --sysroot=/Users/meijian/Desktop/ConquerAndroidFFmpeg/toolchain-android/sysroot -c -g -O2  conftest.c >&5
configure:13420: $? = 0
configure:13420: /Users/meijian/Desktop/ConquerAndroidFFmpeg/toolchain-android/bin/arm-linux-androideabi-gcc --sysroot=/Users/meijian/Desktop/ConquerAndroidFFmpeg/toolchain-android/sysroot -c -g -O2  conftest.c >&5
conftest.c: In function 'main':
conftest.c:68:12: error: size of array 'test_array' is negative
 static int test_array [1 - 2 * !(((long int) (sizeof (void *))) <= 0)];
            ^
configure:13420: $? = 1
configure: failed program was:
| /* confdefs.h */
| #define PACKAGE_NAME "GNU FriBidi"
| #define PACKAGE_TARNAME "fribidi"
| #define PACKAGE_VERSION "0.19.6"
| #define PACKAGE_STRING "GNU FriBidi 0.19.6"
| #define PACKAGE_BUGREPORT "http://bugs.freedesktop.org/enter_bug.cgi?product=fribidi"
| #define PACKAGE_URL "http://fribidi.org/"
| #define STDC_HEADERS 1
| #define HAVE_SYS_TYPES_H 1
| #define HAVE_SYS_STAT_H 1
| #define HAVE_STDLIB_H 1
| #define HAVE_STRING_H 1
| #define HAVE_MEMORY_H 1
| #define HAVE_STRINGS_H 1
| #define HAVE_INTTYPES_H 1
| #define HAVE_STDINT_H 1
| #define HAVE_UNISTD_H 1
| #define HAVE_DLFCN_H 1
| #define LT_OBJDIR ".libs/"
| #define STDC_HEADERS 1
| #define HAVE_STDLIB_H 1
| #define HAVE_STRING_H 1
| #define HAVE_STRINGS_H 1
| #define HAVE_INTTYPES_H 1
| #define HAVE_WCHAR_H 1
| #define HAVE_ASM_PAGE_H 1
| #define HAVE_SYS_TIMES_H 1
| #define HAVE_STRINGIZE 1
| #define SIZEOF_INT 4
| #define SIZEOF_SHORT 2
| /* end confdefs.h.  */
| #include <stdio.h>
| #ifdef HAVE_SYS_TYPES_H
| # include <sys/types.h>
| #endif
| #ifdef HAVE_SYS_STAT_H
| # include <sys/stat.h>
| #endif
| #ifdef STDC_HEADERS
| # include <stdlib.h>
| # include <stddef.h>
| #else
| # ifdef HAVE_STDLIB_H
| #  include <stdlib.h>
| # endif
| #endif
| #ifdef HAVE_STRING_H
| # if !defined STDC_HEADERS && defined HAVE_MEMORY_H
| #  include <memory.h>
| # endif
| # include <string.h>
| #endif
| #ifdef HAVE_STRINGS_H
| # include <strings.h>
| #endif
| #ifdef HAVE_INTTYPES_H
| # include <inttypes.h>
| #endif
| #ifdef HAVE_STDINT_H
| # include <stdint.h>
| #endif
| #ifdef HAVE_UNISTD_H
| # include <unistd.h>
| #endif
| int
| main ()
| {
| static int test_array [1 - 2 * !(((long int) (sizeof (void *))) <= 0)];
| test_array [0] = 0;
| return test_array [0];
| 
|   ;
|   return 0;
| }
configure:13420: /Users/meijian/Desktop/ConquerAndroidFFmpeg/toolchain-android/bin/arm-linux-androideabi-gcc --sysroot=/Users/meijian/Desktop/ConquerAndroidFFmpeg/toolchain-android/sysroot -c -g -O2  conftest.c >&5
conftest.c: In function 'main':
conftest.c:68:12: error: size of array 'test_array' is negative
 static int test_array [1 - 2 * !(((long int) (sizeof (void *))) <= 1)];
            ^
configure:13420: $? = 1
configure: failed program was:
| /* confdefs.h */
| #define PACKAGE_NAME "GNU FriBidi"
| #define PACKAGE_TARNAME "fribidi"
| #define PACKAGE_VERSION "0.19.6"
| #define PACKAGE_STRING "GNU FriBidi 0.19.6"
| #define PACKAGE_BUGREPORT "http://bugs.freedesktop.org/enter_bug.cgi?product=fribidi"
| #define PACKAGE_URL "http://fribidi.org/"
| #define STDC_HEADERS 1
| #define HAVE_SYS_TYPES_H 1
| #define HAVE_SYS_STAT_H 1
| #define HAVE_STDLIB_H 1
| #define HAVE_STRING_H 1
| #define HAVE_MEMORY_H 1
| #define HAVE_STRINGS_H 1
| #define HAVE_INTTYPES_H 1
| #define HAVE_STDINT_H 1
| #define HAVE_UNISTD_H 1
| #define HAVE_DLFCN_H 1
| #define LT_OBJDIR ".libs/"
| #define STDC_HEADERS 1
| #define HAVE_STDLIB_H 1
| #define HAVE_STRING_H 1
| #define HAVE_STRINGS_H 1
| #define HAVE_INTTYPES_H 1
| #define HAVE_WCHAR_H 1
| #define HAVE_ASM_PAGE_H 1
| #define HAVE_SYS_TIMES_H 1
| #define HAVE_STRINGIZE 1
| #define SIZEOF_INT 4
| #define SIZEOF_SHORT 2
| /* end confdefs.h.  */
| #include <stdio.h>
| #ifdef HAVE_SYS_TYPES_H
| # include <sys/types.h>
| #endif
| #ifdef HAVE_SYS_STAT_H
| # include <sys/stat.h>
| #endif
| #ifdef STDC_HEADERS
| # include <stdlib.h>
| # include <stddef.h>
| #else
| # ifdef HAVE_STDLIB_H
| #  include <stdlib.h>
| # endif
| #endif
| #ifdef HAVE_STRING_H
| # if !defined STDC_HEADERS && defined HAVE_MEMORY_H
| #  include <memory.h>
| # endif
| # include <string.h>
| #endif
| #ifdef HAVE_STRINGS_H
| # include <strings.h>
| #endif
| #ifdef HAVE_INTTYPES_H
| # include <inttypes.h>
| #endif
| #ifdef HAVE_STDINT_H
| # include <stdint.h>
| #endif
| #ifdef HAVE_UNISTD_H
| # include <unistd.h>
| #endif
| int
| main ()
| {
| static int test_array [1 - 2 * !(((long int) (sizeof (void *))) <= 1)];
| test_array [0] = 0;
| return test_array [0];
| 
|   ;
|   return 0;
| }
configure:13420: /Users/meijian/Desktop/ConquerAndroidFFmpeg/toolchain-android/bin/arm-linux-androideabi-gcc --sysroot=/Users/meijian/Desktop/ConquerAndroidFFmpeg/toolchain-android/sysroot -c -g -O2  conftest.c >&5
conftest.c: In function 'main':
conftest.c:68:12: error: size of array 'test_array' is negative
 static int test_array [1 - 2 * !(((long int) (sizeof (void *))) <= 3)];
            ^
configure:13420: $? = 1
configure: failed program was:
| /* confdefs.h */
| #define PACKAGE_NAME "GNU FriBidi"
| #define PACKAGE_TARNAME "fribidi"
| #define PACKAGE_VERSION "0.19.6"
| #define PACKAGE_STRING "GNU FriBidi 0.19.6"
| #define PACKAGE_BUGREPORT "http://bugs.freedesktop.org/enter_bug.cgi?product=fribidi"
| #define PACKAGE_URL "http://fribidi.org/"
| #define STDC_HEADERS 1
| #define HAVE_SYS_TYPES_H 1
| #define HAVE_SYS_STAT_H 1
| #define HAVE_STDLIB_H 1
| #define HAVE_STRING_H 1
| #define HAVE_MEMORY_H 1
| #define HAVE_STRINGS_H 1
| #define HAVE_INTTYPES_H 1
| #define HAVE_STDINT_H 1
| #define HAVE_UNISTD_H 1
| #define HAVE_DLFCN_H 1
| #define LT_OBJDIR ".libs/"
| #define STDC_HEADERS 1
| #define HAVE_STDLIB_H 1
| #define HAVE_STRING_H 1
| #define HAVE_STRINGS_H 1
| #define HAVE_INTTYPES_H 1
| #define HAVE_WCHAR_H 1
| #define HAVE_ASM_PAGE_H 1
| #define HAVE_SYS_TIMES_H 1
| #define HAVE_STRINGIZE 1
| #define SIZEOF_INT 4
| #define SIZEOF_SHORT 2
| /* end confdefs.h.  */
| #include <stdio.h>
| #ifdef HAVE_SYS_TYPES_H
| # include <sys/types.h>
| #endif
| #ifdef HAVE_SYS_STAT_H
| # include <sys/stat.h>
| #endif
| #ifdef STDC_HEADERS
| # include <stdlib.h>
| # include <stddef.h>
| #else
| # ifdef HAVE_STDLIB_H
| #  include <stdlib.h>
| # endif
| #endif
| #ifdef HAVE_STRING_H
| # if !defined STDC_HEADERS && defined HAVE_MEMORY_H
| #  include <memory.h>
| # endif
| # include <string.h>
| #endif
| #ifdef HAVE_STRINGS_H
| # include <strings.h>
| #endif
| #ifdef HAVE_INTTYPES_H
| # include <inttypes.h>
| #endif
| #ifdef HAVE_STDINT_H
| # include <stdint.h>
| #endif
| #ifdef HAVE_UNISTD_H
| # include <unistd.h>
| #endif
| int
| main ()
| {
| static int test_array [1 - 2 * !(((long int) (sizeof (void *))) <= 3)];
| test_array [0] = 0;
| return test_array [0];
| 
|   ;
|   return 0;
| }
configure:13420: /Users/meijian/Desktop/ConquerAndroidFFmpeg/toolchain-android/bin/arm-linux-androideabi-gcc --sysroot=/Users/meijian/Desktop/ConquerAndroidFFmpeg/toolchain-android/sysroot -c -g -O2  conftest.c >&5
configure:13420: $? = 0
configure:13420: /Users/meijian/Desktop/ConquerAndroidFFmpeg/toolchain-android/bin/arm-linux-androideabi-gcc --sysroot=/Users/meijian/Desktop/ConquerAndroidFFmpeg/toolchain-android/sysroot -c -g -O2  conftest.c >&5
configure:13420: $? = 0
configure:13420: /Users/meijian/Desktop/ConquerAndroidFFmpeg/toolchain-android/bin/arm-linux-androideabi-gcc --sysroot=/Users/meijian/Desktop/ConquerAndroidFFmpeg/toolchain-android/sysroot -c -g -O2  conftest.c >&5
configure:13420: $? = 0
configure:13434: result: 4
configure:13448: checking size of wchar_t
configure:13453: /Users/meijian/Desktop/ConquerAndroidFFmpeg/toolchain-android/bin/arm-linux-androideabi-gcc --sysroot=/Users/meijian/Desktop/ConquerAndroidFFmpeg/toolchain-android/sysroot -c -g -O2  conftest.c >&5
configure:13453: $? = 0
configure:13453: /Users/meijian/Desktop/ConquerAndroidFFmpeg/toolchain-android/bin/arm-linux-androideabi-gcc --sysroot=/Users/meijian/Desktop/ConquerAndroidFFmpeg/toolchain-android/sysroot -c -g -O2  conftest.c >&5
conftest.c: In function 'main':
conftest.c:69:12: error: size of array 'test_array' is negative
 static int test_array [1 - 2 * !(((long int) (sizeof (wchar_t))) <= 0)];
            ^
configure:13453: $? = 1
configure: failed program was:
| /* confdefs.h */
| #define PACKAGE_NAME "GNU FriBidi"
| #define PACKAGE_TARNAME "fribidi"
| #define PACKAGE_VERSION "0.19.6"
| #define PACKAGE_STRING "GNU FriBidi 0.19.6"
| #define PACKAGE_BUGREPORT "http://bugs.freedesktop.org/enter_bug.cgi?product=fribidi"
| #define PACKAGE_URL "http://fribidi.org/"
| #define STDC_HEADERS 1
| #define HAVE_SYS_TYPES_H 1
| #define HAVE_SYS_STAT_H 1
| #define HAVE_STDLIB_H 1
| #define HAVE_STRING_H 1
| #define HAVE_MEMORY_H 1
| #define HAVE_STRINGS_H 1
| #define HAVE_INTTYPES_H 1
| #define HAVE_STDINT_H 1
| #define HAVE_UNISTD_H 1
| #define HAVE_DLFCN_H 1
| #define LT_OBJDIR ".libs/"
| #define STDC_HEADERS 1
| #define HAVE_STDLIB_H 1
| #define HAVE_STRING_H 1
| #define HAVE_STRINGS_H 1
| #define HAVE_INTTYPES_H 1
| #define HAVE_WCHAR_H 1
| #define HAVE_ASM_PAGE_H 1
| #define HAVE_SYS_TIMES_H 1
| #define HAVE_STRINGIZE 1
| #define SIZEOF_INT 4
| #define SIZEOF_SHORT 2
| #define SIZEOF_VOID_P 4
| /* end confdefs.h.  */
| #include <stdio.h>
| #ifdef HAVE_SYS_TYPES_H
| # include <sys/types.h>
| #endif
| #ifdef HAVE_SYS_STAT_H
| # include <sys/stat.h>
| #endif
| #ifdef STDC_HEADERS
| # include <stdlib.h>
| # include <stddef.h>
| #else
| # ifdef HAVE_STDLIB_H
| #  include <stdlib.h>
| # endif
| #endif
| #ifdef HAVE_STRING_H
| # if !defined STDC_HEADERS && defined HAVE_MEMORY_H
| #  include <memory.h>
| # endif
| # include <string.h>
| #endif
| #ifdef HAVE_STRINGS_H
| # include <strings.h>
| #endif
| #ifdef HAVE_INTTYPES_H
| # include <inttypes.h>
| #endif
| #ifdef HAVE_STDINT_H
| # include <stdint.h>
| #endif
| #ifdef HAVE_UNISTD_H
| # include <unistd.h>
| #endif
| int
| main ()
| {
| static int test_array [1 - 2 * !(((long int) (sizeof (wchar_t))) <= 0)];
| test_array [0] = 0;
| return test_array [0];
| 
|   ;
|   return 0;
| }
configure:13453: /Users/meijian/Desktop/ConquerAndroidFFmpeg/toolchain-android/bin/arm-linux-androideabi-gcc --sysroot=/Users/meijian/Desktop/ConquerAndroidFFmpeg/toolchain-android/sysroot -c -g -O2  conftest.c >&5
conftest.c: In function 'main':
conftest.c:69:12: error: size of array 'test_array' is negative
 static int test_array [1 - 2 * !(((long int) (sizeof (wchar_t))) <= 1)];
            ^
configure:13453: $? = 1
configure: failed program was:
| /* confdefs.h */
| #define PACKAGE_NAME "GNU FriBidi"
| #define PACKAGE_TARNAME "fribidi"
| #define PACKAGE_VERSION "0.19.6"
| #define PACKAGE_STRING "GNU FriBidi 0.19.6"
| #define PACKAGE_BUGREPORT "http://bugs.freedesktop.org/enter_bug.cgi?product=fribidi"
| #define PACKAGE_URL "http://fribidi.org/"
| #define STDC_HEADERS 1
| #define HAVE_SYS_TYPES_H 1
| #define HAVE_SYS_STAT_H 1
| #define HAVE_STDLIB_H 1
| #define HAVE_STRING_H 1
| #define HAVE_MEMORY_H 1
| #define HAVE_STRINGS_H 1
| #define HAVE_INTTYPES_H 1
| #define HAVE_STDINT_H 1
| #define HAVE_UNISTD_H 1
| #define HAVE_DLFCN_H 1
| #define LT_OBJDIR ".libs/"
| #define STDC_HEADERS 1
| #define HAVE_STDLIB_H 1
| #define HAVE_STRING_H 1
| #define HAVE_STRINGS_H 1
| #define HAVE_INTTYPES_H 1
| #define HAVE_WCHAR_H 1
| #define HAVE_ASM_PAGE_H 1
| #define HAVE_SYS_TIMES_H 1
| #define HAVE_STRINGIZE 1
| #define SIZEOF_INT 4
| #define SIZEOF_SHORT 2
| #define SIZEOF_VOID_P 4
| /* end confdefs.h.  */
| #include <stdio.h>
| #ifdef HAVE_SYS_TYPES_H
| # include <sys/types.h>
| #endif
| #ifdef HAVE_SYS_STAT_H
| # include <sys/stat.h>
| #endif
| #ifdef STDC_HEADERS
| # include <stdlib.h>
| # include <stddef.h>
| #else
| # ifdef HAVE_STDLIB_H
| #  include <stdlib.h>
| # endif
| #endif
| #ifdef HAVE_STRING_H
| # if !defined STDC_HEADERS && defined HAVE_MEMORY_H
| #  include <memory.h>
| # endif
| # include <string.h>
| #endif
| #ifdef HAVE_STRINGS_H
| # include <strings.h>
| #endif
| #ifdef HAVE_INTTYPES_H
| # include <inttypes.h>
| #endif
| #ifdef HAVE_STDINT_H
| # include <stdint.h>
| #endif
| #ifdef HAVE_UNISTD_H
| # include <unistd.h>
| #endif
| int
| main ()
| {
| static int test_array [1 - 2 * !(((long int) (sizeof (wchar_t))) <= 1)];
| test_array [0] = 0;
| return test_array [0];
| 
|   ;
|   return 0;
| }
configure:13453: /Users/meijian/Desktop/ConquerAndroidFFmpeg/toolchain-android/bin/arm-linux-androideabi-gcc --sysroot=/Users/meijian/Desktop/ConquerAndroidFFmpeg/toolchain-android/sysroot -c -g -O2  conftest.c >&5
conftest.c: In function 'main':
conftest.c:69:12: error: size of array 'test_array' is negative
 static int test_array [1 - 2 * !(((long int) (sizeof (wchar_t))) <= 3)];
            ^
configure:13453: $? = 1
configure: failed program was:
| /* confdefs.h */
| #define PACKAGE_NAME "GNU FriBidi"
| #define PACKAGE_TARNAME "fribidi"
| #define PACKAGE_VERSION "0.19.6"
| #define PACKAGE_STRING "GNU FriBidi 0.19.6"
| #define PACKAGE_BUGREPORT "http://bugs.freedesktop.org/enter_bug.cgi?product=fribidi"
| #define PACKAGE_URL "http://fribidi.org/"
| #define STDC_HEADERS 1
| #define HAVE_SYS_TYPES_H 1
| #define HAVE_SYS_STAT_H 1
| #define HAVE_STDLIB_H 1
| #define HAVE_STRING_H 1
| #define HAVE_MEMORY_H 1
| #define HAVE_STRINGS_H 1
| #define HAVE_INTTYPES_H 1
| #define HAVE_STDINT_H 1
| #define HAVE_UNISTD_H 1
| #define HAVE_DLFCN_H 1
| #define LT_OBJDIR ".libs/"
| #define STDC_HEADERS 1
| #define HAVE_STDLIB_H 1
| #define HAVE_STRING_H 1
| #define HAVE_STRINGS_H 1
| #define HAVE_INTTYPES_H 1
| #define HAVE_WCHAR_H 1
| #define HAVE_ASM_PAGE_H 1
| #define HAVE_SYS_TIMES_H 1
| #define HAVE_STRINGIZE 1
| #define SIZEOF_INT 4
| #define SIZEOF_SHORT 2
| #define SIZEOF_VOID_P 4
| /* end confdefs.h.  */
| #include <stdio.h>
| #ifdef HAVE_SYS_TYPES_H
| # include <sys/types.h>
| #endif
| #ifdef HAVE_SYS_STAT_H
| # include <sys/stat.h>
| #endif
| #ifdef STDC_HEADERS
| # include <stdlib.h>
| # include <stddef.h>
| #else
| # ifdef HAVE_STDLIB_H
| #  include <stdlib.h>
| # endif
| #endif
| #ifdef HAVE_STRING_H
| # if !defined STDC_HEADERS && defined HAVE_MEMORY_H
| #  include <memory.h>
| # endif
| # include <string.h>
| #endif
| #ifdef HAVE_STRINGS_H
| # include <strings.h>
| #endif
| #ifdef HAVE_INTTYPES_H
| # include <inttypes.h>
| #endif
| #ifdef HAVE_STDINT_H
| # include <stdint.h>
| #endif
| #ifdef HAVE_UNISTD_H
| # include <unistd.h>
| #endif
| int
| main ()
| {
| static int test_array [1 - 2 * !(((long int) (sizeof (wchar_t))) <= 3)];
| test_array [0] = 0;
| return test_array [0];
| 
|   ;
|   return 0;
| }
configure:13453: /Users/meijian/Desktop/ConquerAndroidFFmpeg/toolchain-android/bin/arm-linux-androideabi-gcc --sysroot=/Users/meijian/Desktop/ConquerAndroidFFmpeg/toolchain-android/sysroot -c -g -O2  conftest.c >&5
configure:13453: $? = 0
configure:13453: /Users/meijian/Desktop/ConquerAndroidFFmpeg/toolchain-android/bin/arm-linux-androideabi-gcc --sysroot=/Users/meijian/Desktop/ConquerAndroidFFmpeg/toolchain-android/sysroot -c -g -O2  conftest.c >&5
configure:13453: $? = 0
configure:13453: /Users/meijian/Desktop/ConquerAndroidFFmpeg/toolchain-android/bin/arm-linux-androideabi-gcc --sysroot=/Users/meijian/Desktop/ConquerAndroidFFmpeg/toolchain-android/sysroot -c -g -O2  conftest.c >&5
configure:13453: $? = 0
configure:13467: result: 4
configure:13487: checking for memmove
configure:13487: /Users/meijian/Desktop/ConquerAndroidFFmpeg/toolchain-android/bin/arm-linux-androideabi-gcc --sysroot=/Users/meijian/Desktop/ConquerAndroidFFmpeg/toolchain-android/sysroot -o conftest -g -O2 -Wall -ansi    conftest.c  >&5
conftest.c:57:6: warning: conflicting types for built-in function 'memmove'
 char memmove ();
      ^
configure:13487: $? = 0
configure:13487: result: yes
configure:13487: checking for memset
configure:13487: /Users/meijian/Desktop/ConquerAndroidFFmpeg/toolchain-android/bin/arm-linux-androideabi-gcc --sysroot=/Users/meijian/Desktop/ConquerAndroidFFmpeg/toolchain-android/sysroot -o conftest -g -O2 -Wall -ansi    conftest.c  >&5
conftest.c:58:6: warning: conflicting types for built-in function 'memset'
 char memset ();
      ^
configure:13487: $? = 0
configure:13487: result: yes
configure:13487: checking for strdup
configure:13487: /Users/meijian/Desktop/ConquerAndroidFFmpeg/toolchain-android/bin/arm-linux-androideabi-gcc --sysroot=/Users/meijian/Desktop/ConquerAndroidFFmpeg/toolchain-android/sysroot -o conftest -g -O2 -Wall -ansi    conftest.c  >&5
configure:13487: $? = 0
configure:13487: result: yes
configure:13496: checking return type of signal handlers
configure:13514: /Users/meijian/Desktop/ConquerAndroidFFmpeg/toolchain-android/bin/arm-linux-androideabi-gcc --sysroot=/Users/meijian/Desktop/ConquerAndroidFFmpeg/toolchain-android/sysroot -c -g -O2 -Wall -ansi   conftest.c >&5
conftest.c: In function 'main':
conftest.c:43:1: error: void value not ignored as it ought to be
 return *(signal (0, 0)) (0) == 1;
 ^
configure:13514: $? = 1
configure: failed program was:
| /* confdefs.h */
| #define PACKAGE_NAME "GNU FriBidi"
| #define PACKAGE_TARNAME "fribidi"
| #define PACKAGE_VERSION "0.19.6"
| #define PACKAGE_STRING "GNU FriBidi 0.19.6"
| #define PACKAGE_BUGREPORT "http://bugs.freedesktop.org/enter_bug.cgi?product=fribidi"
| #define PACKAGE_URL "http://fribidi.org/"
| #define STDC_HEADERS 1
| #define HAVE_SYS_TYPES_H 1
| #define HAVE_SYS_STAT_H 1
| #define HAVE_STDLIB_H 1
| #define HAVE_STRING_H 1
| #define HAVE_MEMORY_H 1
| #define HAVE_STRINGS_H 1
| #define HAVE_INTTYPES_H 1
| #define HAVE_STDINT_H 1
| #define HAVE_UNISTD_H 1
| #define HAVE_DLFCN_H 1
| #define LT_OBJDIR ".libs/"
| #define STDC_HEADERS 1
| #define HAVE_STDLIB_H 1
| #define HAVE_STRING_H 1
| #define HAVE_STRINGS_H 1
| #define HAVE_INTTYPES_H 1
| #define HAVE_WCHAR_H 1
| #define HAVE_ASM_PAGE_H 1
| #define HAVE_SYS_TIMES_H 1
| #define HAVE_STRINGIZE 1
| #define SIZEOF_INT 4
| #define SIZEOF_SHORT 2
| #define SIZEOF_VOID_P 4
| #define SIZEOF_WCHAR_T 4
| #define HAVE_MEMMOVE 1
| #define HAVE_MEMSET 1
| #define HAVE_STRDUP 1
| /* end confdefs.h.  */
| #include <sys/types.h>
| #include <signal.h>
| 
| int
| main ()
| {
| return *(signal (0, 0)) (0) == 1;
|   ;
|   return 0;
| }
configure:13521: result: void
configure:13907: checking that generated files are newer than configure
configure:13913: result: done
configure:13956: creating ./config.status

## ---------------------- ##
## Running config.status. ##
## ---------------------- ##

This file was extended by GNU FriBidi config.status 0.19.6, which was
generated by GNU Autoconf 2.69.  Invocation command line was

  CONFIG_FILES    = 
  CONFIG_HEADERS  = 
  CONFIG_LINKS    = 
  CONFIG_COMMANDS = 
  $ ./config.status 

on meijian

config.status:1139: creating fribidi.pc
config.status:1139: creating lib/fribidi-config.h
config.status:1139: creating Makefile
config.status:1139: creating charset/Makefile
config.status:1139: creating gen.tab/Makefile
config.status:1139: creating lib/Makefile
config.status:1139: creating bin/Makefile
config.status:1139: creating doc/Makefile
config.status:1139: creating test/Makefile
config.status:1139: creating config.h
config.status:1320: config.h is unchanged
config.status:1368: executing depfiles commands
config.status:1445: cd charset       && sed -e '/# am--include-marker/d' Makefile         | make -f - am--depfiles
make: Nothing to be done for `am--depfiles'.
config.status:1450: $? = 0
config.status:1445: cd gen.tab       && sed -e '/# am--include-marker/d' Makefile         | make -f - am--depfiles
make: Nothing to be done for `am--depfiles'.
config.status:1450: $? = 0
config.status:1445: cd lib       && sed -e '/# am--include-marker/d' Makefile         | make -f - am--depfiles
make: Nothing to be done for `am--depfiles'.
config.status:1450: $? = 0
config.status:1445: cd bin       && sed -e '/# am--include-marker/d' Makefile         | make -f - am--depfiles
make: Nothing to be done for `am--depfiles'.
config.status:1450: $? = 0
config.status:1368: executing libtool commands

## ---------------- ##
## Cache variables. ##
## ---------------- ##

ac_cv_build=x86_64-apple-darwin17.2.0
ac_cv_c_compiler_gnu=yes
ac_cv_c_const=yes
ac_cv_c_stringize=yes
ac_cv_env_CC_set=set
ac_cv_env_CC_value='/Users/meijian/Desktop/ConquerAndroidFFmpeg/toolchain-android/bin/arm-linux-androideabi-gcc --sysroot=/Users/meijian/Desktop/ConquerAndroidFFmpeg/toolchain-android/sysroot'
ac_cv_env_CFLAGS_set=
ac_cv_env_CFLAGS_value=
ac_cv_env_CPPFLAGS_set=
ac_cv_env_CPPFLAGS_value=
ac_cv_env_CPP_set=set
ac_cv_env_CPP_value=/Users/meijian/Desktop/ConquerAndroidFFmpeg/toolchain-android/bin/arm-linux-androideabi-cpp
ac_cv_env_GLIB_CFLAGS_set=
ac_cv_env_GLIB_CFLAGS_value=
ac_cv_env_GLIB_LIBS_set=
ac_cv_env_GLIB_LIBS_value=
ac_cv_env_LDFLAGS_set=
ac_cv_env_LDFLAGS_value=
ac_cv_env_LIBS_set=
ac_cv_env_LIBS_value=
ac_cv_env_LT_SYS_LIBRARY_PATH_set=
ac_cv_env_LT_SYS_LIBRARY_PATH_value=
ac_cv_env_PKG_CONFIG_LIBDIR_set=set
ac_cv_env_PKG_CONFIG_LIBDIR_value=/Users/meijian/Desktop/ConquerAndroidFFmpeg/toolchain-android/lib/pkgconfig
ac_cv_env_PKG_CONFIG_PATH_set=
ac_cv_env_PKG_CONFIG_PATH_value=
ac_cv_env_PKG_CONFIG_set=
ac_cv_env_PKG_CONFIG_value=
ac_cv_env_build_alias_set=
ac_cv_env_build_alias_value=
ac_cv_env_host_alias_set=set
ac_cv_env_host_alias_value=arm-linux-androideabi
ac_cv_env_target_alias_set=
ac_cv_env_target_alias_value=
ac_cv_func_memmove=yes
ac_cv_func_memset=yes
ac_cv_func_strdup=yes
ac_cv_header_asm_page_h=yes
ac_cv_header_dlfcn_h=yes
ac_cv_header_inttypes_h=yes
ac_cv_header_memory_h=yes
ac_cv_header_stdc=yes
ac_cv_header_stdint_h=yes
ac_cv_header_stdlib_h=yes
ac_cv_header_string_h=yes
ac_cv_header_strings_h=yes
ac_cv_header_sys_stat_h=yes
ac_cv_header_sys_times_h=yes
ac_cv_header_sys_types_h=yes
ac_cv_header_unistd_h=yes
ac_cv_header_wchar_h=yes
ac_cv_host=arm-unknown-linux-androideabi
ac_cv_objext=o
ac_cv_path_EGREP='/usr/bin/grep -E'
ac_cv_path_FGREP='/usr/bin/grep -F'
ac_cv_path_GREP=/usr/bin/grep
ac_cv_path_SED=/usr/bin/sed
ac_cv_path_ac_pt_PKG_CONFIG=/usr/local/bin/pkg-config
ac_cv_path_install='/usr/local/bin/ginstall -c'
ac_cv_path_lt_DD=/bin/dd
ac_cv_path_mkdir=/usr/local/bin/gmkdir
ac_cv_prog_AR=/Users/meijian/Desktop/ConquerAndroidFFmpeg/toolchain-android/bin/arm-linux-androideabi-ar
ac_cv_prog_AWK=awk
ac_cv_prog_CC='/Users/meijian/Desktop/ConquerAndroidFFmpeg/toolchain-android/bin/arm-linux-androideabi-gcc --sysroot=/Users/meijian/Desktop/ConquerAndroidFFmpeg/toolchain-android/sysroot'
ac_cv_prog_CPP=/Users/meijian/Desktop/ConquerAndroidFFmpeg/toolchain-android/bin/arm-linux-androideabi-cpp
ac_cv_prog_OBJDUMP=/Users/meijian/Desktop/ConquerAndroidFFmpeg/toolchain-android/bin/arm-linux-androideabi-objdump
ac_cv_prog_RANLIB=/Users/meijian/Desktop/ConquerAndroidFFmpeg/toolchain-android/bin/arm-linux-androideabi-ranlib
ac_cv_prog_STRIP=/Users/meijian/Desktop/ConquerAndroidFFmpeg/toolchain-android/bin/arm-linux-androideabi-strip
ac_cv_prog_cc_c89=
ac_cv_prog_cc_g=yes
ac_cv_prog_make_make_set=yes
ac_cv_sizeof_int=4
ac_cv_sizeof_short=2
ac_cv_sizeof_void_p=4
ac_cv_sizeof_wchar_t=4
ac_cv_type_signal=void
am_cv_CC_dependencies_compiler_type=gcc3
am_cv_make_support_nested_variables=yes
am_cv_prog_cc_c_o=yes
lt_cv_ar_at_file=@
lt_cv_deplibs_check_method=pass_all
lt_cv_file_magic_cmd='$MAGIC_CMD'
lt_cv_file_magic_test_file=
lt_cv_ld_reload_flag=-r
lt_cv_nm_interface='BSD nm'
lt_cv_objdir=.libs
lt_cv_path_LD=/Users/meijian/Desktop/ConquerAndroidFFmpeg/toolchain-android/bin/arm-linux-androideabi-ld
lt_cv_path_NM=/Users/meijian/Desktop/ConquerAndroidFFmpeg/toolchain-android/bin/arm-linux-androideabi-nm
lt_cv_path_mainfest_tool=no
lt_cv_prog_compiler_c_o=yes
lt_cv_prog_compiler_pic='-fPIC -DPIC'
lt_cv_prog_compiler_pic_works=yes
lt_cv_prog_compiler_rtti_exceptions=no
lt_cv_prog_compiler_static_works=yes
lt_cv_prog_gnu_ld=yes
lt_cv_sharedlib_from_linklib_cmd='printf %s\n'
lt_cv_sys_global_symbol_pipe='sed -n -e '\''s/^.*[	 ]\([ABCDGIRSTW][ABCDGIRSTW]*\)[	 ][	 ]*\([_A-Za-z][_A-Za-z0-9]*\)$/\1 \2 \2/p'\'' | sed '\''/ __gnu_lto/d'\'''
lt_cv_sys_global_symbol_to_c_name_address='sed -n -e '\''s/^: \(.*\) .*$/  {"\1", (void *) 0},/p'\'' -e '\''s/^[ABCDGIRSTW][ABCDGIRSTW]* .* \(.*\)$/  {"\1", (void *) \&\1},/p'\'''
lt_cv_sys_global_symbol_to_c_name_address_lib_prefix='sed -n -e '\''s/^: \(.*\) .*$/  {"\1", (void *) 0},/p'\'' -e '\''s/^[ABCDGIRSTW][ABCDGIRSTW]* .* \(lib.*\)$/  {"\1", (void *) \&\1},/p'\'' -e '\''s/^[ABCDGIRSTW][ABCDGIRSTW]* .* \(.*\)$/  {"lib\1", (void *) \&\1},/p'\'''
lt_cv_sys_global_symbol_to_cdecl='sed -n -e '\''s/^T .* \(.*\)$/extern int \1();/p'\'' -e '\''s/^[ABCDGIRSTW][ABCDGIRSTW]* .* \(.*\)$/extern char \1;/p'\'''
lt_cv_sys_global_symbol_to_import=
lt_cv_sys_max_cmd_len=196608
lt_cv_to_host_file_cmd=func_convert_file_noop
lt_cv_to_tool_file_cmd=func_convert_file_noop
lt_cv_truncate_bin='/bin/dd bs=4096 count=1'

## ----------------- ##
## Output variables. ##
## ----------------- ##

ACLOCAL='${SHELL} /Users/meijian/Desktop/ConquerAndroidFFmpeg/fribidi-0.19.6/missing aclocal-1.16'
AMDEPBACKSLASH='\'
AMDEP_FALSE='#'
AMDEP_TRUE=''
AMTAR='$${TAR-tar}'
AM_BACKSLASH='\'
AM_DEFAULT_V='$(AM_DEFAULT_VERBOSITY)'
AM_DEFAULT_VERBOSITY='0'
AM_V='$(V)'
AR='/Users/meijian/Desktop/ConquerAndroidFFmpeg/toolchain-android/bin/arm-linux-androideabi-ar'
AUTOCONF='${SHELL} /Users/meijian/Desktop/ConquerAndroidFFmpeg/fribidi-0.19.6/missing autoconf'
AUTOHEADER='${SHELL} /Users/meijian/Desktop/ConquerAndroidFFmpeg/fribidi-0.19.6/missing autoheader'
AUTOMAKE='${SHELL} /Users/meijian/Desktop/ConquerAndroidFFmpeg/fribidi-0.19.6/missing automake-1.16'
AWK='awk'
CC='/Users/meijian/Desktop/ConquerAndroidFFmpeg/toolchain-android/bin/arm-linux-androideabi-gcc --sysroot=/Users/meijian/Desktop/ConquerAndroidFFmpeg/toolchain-android/sysroot'
CCDEPMODE='depmode=gcc3'
CFLAGS='-g -O2 -Wall -ansi '
CPP='/Users/meijian/Desktop/ConquerAndroidFFmpeg/toolchain-android/bin/arm-linux-androideabi-cpp'
CPPFLAGS=''
CYGPATH_W='echo'
DEFS='-DHAVE_CONFIG_H'
DEPDIR='.deps'
DLLTOOL='false'
DSYMUTIL=''
DUMPBIN=''
ECHO_C='\c'
ECHO_N=''
ECHO_T=''
EGREP='/usr/bin/grep -E'
EXEEXT=''
FGREP='/usr/bin/grep -F'
FRIBIDI_BINARY_AGE='3'
FRIBIDI_CHARSETS='1'
FRIBIDI_CHARSETS_FALSE='#'
FRIBIDI_CHARSETS_TRUE=''
FRIBIDI_INTERFACE_AGE='5'
FRIBIDI_INTERFACE_VERSION='3'
FRIBIDI_MAJOR_VERSION='0'
FRIBIDI_MICRO_VERSION='6'
FRIBIDI_MINOR_VERSION='19'
FRIBIDI_NO_DEPRECATED='0'
FRIBIDI_USE_GLIB='0'
FRIBIDI_USE_GLIB_FALSE=''
FRIBIDI_USE_GLIB_TRUE='#'
FRIBIDI_VERSION='0.19.6'
GLIB_CFLAGS=''
GLIB_LIBS=''
GREP='/usr/bin/grep'
INSTALL_DATA='${INSTALL} -m 644'
INSTALL_PROGRAM='${INSTALL}'
INSTALL_SCRIPT='${INSTALL}'
INSTALL_STRIP_PROGRAM='$(install_sh) -c -s'
LD='/Users/meijian/Desktop/ConquerAndroidFFmpeg/toolchain-android/bin/arm-linux-androideabi-ld'
LDFLAGS=''
LIBOBJS=''
LIBS=''
LIBTOOL='$(SHELL) $(top_builddir)/libtool'
LIPO=''
LN_S='ln -s'
LTLIBOBJS=''
LT_CURRENT_MINUS_AGE='0'
LT_SYS_LIBRARY_PATH=''
LT_VERSION_INFO='3:5:3'
MAKEINFO='${SHELL} /Users/meijian/Desktop/ConquerAndroidFFmpeg/fribidi-0.19.6/missing makeinfo'
MANIFEST_TOOL=':'
MISC_CFLAGS=''
MISC_LIBS=''
MISC_PACKAGES=''
MKDIR_P='/usr/local/bin/gmkdir -p'
NM='/Users/meijian/Desktop/ConquerAndroidFFmpeg/toolchain-android/bin/arm-linux-androideabi-nm'
NMEDIT=''
OBJDUMP='/Users/meijian/Desktop/ConquerAndroidFFmpeg/toolchain-android/bin/arm-linux-androideabi-objdump'
OBJEXT='o'
OS_WIN32_FALSE=''
OS_WIN32_TRUE='#'
OTOOL64=''
OTOOL=''
PACKAGE='fribidi'
PACKAGE_BUGREPORT='http://bugs.freedesktop.org/enter_bug.cgi?product=fribidi'
PACKAGE_NAME='GNU FriBidi'
PACKAGE_STRING='GNU FriBidi 0.19.6'
PACKAGE_TARNAME='fribidi'
PACKAGE_URL='http://fribidi.org/'
PACKAGE_VERSION='0.19.6'
PATH_SEPARATOR=':'
PKG_CONFIG='/usr/local/bin/pkg-config'
PKG_CONFIG_LIBDIR='/Users/meijian/Desktop/ConquerAndroidFFmpeg/toolchain-android/lib/pkgconfig'
PKG_CONFIG_PATH=''
PLATFORM_WIN32_FALSE=''
PLATFORM_WIN32_TRUE='#'
RANLIB='/Users/meijian/Desktop/ConquerAndroidFFmpeg/toolchain-android/bin/arm-linux-androideabi-ranlib'
SED='/usr/bin/sed'
SET_MAKE=''
SHELL='/bin/sh'
SIZEOF_INT='4'
STRIP='/Users/meijian/Desktop/ConquerAndroidFFmpeg/toolchain-android/bin/arm-linux-androideabi-strip'
VERSION='0.19.6'
ac_ct_AR=''
ac_ct_CC=''
ac_ct_DUMPBIN=''
am__EXEEXT_FALSE=''
am__EXEEXT_TRUE='#'
am__fastdepCC_FALSE='#'
am__fastdepCC_TRUE=''
am__include='include'
am__isrc=''
am__leading_dot='.'
am__nodep='_no'
am__quote=''
am__tar='$${TAR-tar} chof - "$$tardir"'
am__untar='$${TAR-tar} xf -'
bindir='${exec_prefix}/bin'
build='x86_64-apple-darwin17.2.0'
build_alias=''
build_cpu='x86_64'
build_os='darwin17.2.0'
build_vendor='apple'
datadir='${datarootdir}'
datarootdir='${prefix}/share'
docdir='${datarootdir}/doc/${PACKAGE_TARNAME}'
dvidir='${docdir}'
exec_prefix='${prefix}'
host='arm-unknown-linux-androideabi'
host_alias='arm-linux-androideabi'
host_cpu='arm'
host_os='linux-androideabi'
host_vendor='unknown'
htmldir='${docdir}'
includedir='${prefix}/include'
infodir='${datarootdir}/info'
install_sh='${SHELL} /Users/meijian/Desktop/ConquerAndroidFFmpeg/fribidi-0.19.6/install-sh'
libdir='${exec_prefix}/lib'
libexecdir='${exec_prefix}/libexec'
localedir='${datarootdir}/locale'
localstatedir='${prefix}/var'
mandir='${datarootdir}/man'
mkdir_p='$(MKDIR_P)'
oldincludedir='/usr/include'
pdfdir='${docdir}'
prefix='/Users/meijian/Desktop/ConquerAndroidFFmpeg/toolchain-android'
program_transform_name='s,x,x,'
psdir='${docdir}'
sbindir='${exec_prefix}/sbin'
sharedstatedir='${prefix}/com'
sysconfdir='${prefix}/etc'
target_alias=''

## ----------- ##
## confdefs.h. ##
## ----------- ##

/* confdefs.h */
#define PACKAGE_NAME "GNU FriBidi"
#define PACKAGE_TARNAME "fribidi"
#define PACKAGE_VERSION "0.19.6"
#define PACKAGE_STRING "GNU FriBidi 0.19.6"
#define PACKAGE_BUGREPORT "http://bugs.freedesktop.org/enter_bug.cgi?product=fribidi"
#define PACKAGE_URL "http://fribidi.org/"
#define STDC_HEADERS 1
#define HAVE_SYS_TYPES_H 1
#define HAVE_SYS_STAT_H 1
#define HAVE_STDLIB_H 1
#define HAVE_STRING_H 1
#define HAVE_MEMORY_H 1
#define HAVE_STRINGS_H 1
#define HAVE_INTTYPES_H 1
#define HAVE_STDINT_H 1
#define HAVE_UNISTD_H 1
#define HAVE_DLFCN_H 1
#define LT_OBJDIR ".libs/"
#define STDC_HEADERS 1
#define HAVE_STDLIB_H 1
#define HAVE_STRING_H 1
#define HAVE_STRINGS_H 1
#define HAVE_INTTYPES_H 1
#define HAVE_WCHAR_H 1
#define HAVE_ASM_PAGE_H 1
#define HAVE_SYS_TIMES_H 1
#define HAVE_STRINGIZE 1
#define SIZEOF_INT 4
#define SIZEOF_SHORT 2
#define SIZEOF_VOID_P 4
#define SIZEOF_WCHAR_T 4
#define HAVE_MEMMOVE 1
#define HAVE_MEMSET 1
#define HAVE_STRDUP 1
#define RETSIGTYPE void
#define DEBUG 1

configure: exit 0
