This file contains any messages produced by compilers while
running configure, to aid debugging if configure makes a mistake.

It was created by FreeType configure 2.6.3, which was
generated by GNU Autoconf 2.69.  Invocation command line was

  $ ./configure --with-pic --with-sysroot=/Users/meijian/Desktop/ConquerAndroidFFmpeg/toolchain-android/sysroot --host=arm-linux-androideabi --enable-static --disable-shared --with-png=yes --with-zlib=yes --prefix=/Users/meijian/Desktop/ConquerAndroidFFmpeg/toolchain-android

## --------- ##
## Platform. ##
## --------- ##

hostname = meijian
uname -m = x86_64
uname -r = 17.2.0
uname -s = Darwin
uname -v = Darwin Kernel Version 17.2.0: Fri Sep 29 18:27:05 PDT 2017; root:xnu-4570.20.62~3/RELEASE_X86_64

/usr/bin/uname -p = i386
/bin/uname -X     = unknown

/bin/arch              = unknown
/usr/bin/arch -k       = unknown
/usr/convex/getsysinfo = unknown
/usr/bin/hostinfo      = Mach kernel version:
	 Darwin Kernel Version 17.2.0: Fri Sep 29 18:27:05 PDT 2017; root:xnu-4570.20.62~3/RELEASE_X86_64
Kernel configured for up to 4 processors.
2 processors are physically available.
4 processors are logically available.
Processor type: x86_64h (Intel x86-64h Haswell)
Processors active: 0 1 2 3
Primary memory available: 8.00 gigabytes
Default processor set: 416 tasks, 1793 threads, 4 processors
Load average: 4.35, Mach factor: 0.88
/bin/machine           = unknown
/usr/bin/oslevel       = unknown
/bin/universe          = unknown

PATH: /usr/local/bin
PATH: /usr/bin
PATH: /bin
PATH: /usr/sbin
PATH: /sbin
PATH: /Users/meijian/Library/Android/sdk/platform-tools
PATH: /Users/meijian/Library/Android/sdk/tools
PATH: /Users/meijian/Library/Android/sdk/build-tools/27.0.1


## ----------- ##
## Core tests. ##
## ----------- ##

configure:2537: checking build system type
configure:2551: result: x86_64-apple-darwin17.2.0
configure:2571: checking host system type
configure:2584: result: arm-unknown-linux-androideabi
configure:2616: checking for arm-linux-androideabi-gcc
configure:2643: result: /Users/meijian/Desktop/ConquerAndroidFFmpeg/toolchain-android/bin/arm-linux-androideabi-gcc --sysroot=/Users/meijian/Desktop/ConquerAndroidFFmpeg/toolchain-android/sysroot
configure:2912: checking for C compiler version
configure:2921: /Users/meijian/Desktop/ConquerAndroidFFmpeg/toolchain-android/bin/arm-linux-androideabi-gcc --sysroot=/Users/meijian/Desktop/ConquerAndroidFFmpeg/toolchain-android/sysroot --version >&5
arm-linux-androideabi-gcc (GCC) 4.9 20140827 (prerelease)
Copyright (C) 2014 Free Software Foundation, Inc.
This is free software; see the source for copying conditions.  There is NO
warranty; not even for MERCHANTABILITY or FITNESS FOR A PARTICULAR PURPOSE.

configure:2932: $? = 0
configure:2921: /Users/meijian/Desktop/ConquerAndroidFFmpeg/toolchain-android/bin/arm-linux-androideabi-gcc --sysroot=/Users/meijian/Desktop/ConquerAndroidFFmpeg/toolchain-android/sysroot -v >&5
Using built-in specs.
COLLECT_GCC=/Users/meijian/Desktop/ConquerAndroidFFmpeg/toolchain-android/bin/arm-linux-androideabi-gcc
COLLECT_LTO_WRAPPER=/Users/meijian/Desktop/ConquerAndroidFFmpeg/toolchain-android/bin/../libexec/gcc/arm-linux-androideabi/4.9/lto-wrapper
Target: arm-linux-androideabi
Configured with: /s/ndk-toolchain/src/build/../gcc/gcc-4.9/configure --prefix=/tmp/ndk-User/build/toolchain/prefix --target=arm-linux-androideabi --host=x86_64-apple-darwin --build=x86_64-apple-darwin --with-gnu-as --with-gnu-ld --enable-languages=c,c++ --with-gmp=/tmp/ndk-User/build/toolchain/temp-install --with-mpfr=/tmp/ndk-User/build/toolchain/temp-install --with-mpc=/tmp/ndk-User/build/toolchain/temp-install --with-cloog=/tmp/ndk-User/build/toolchain/temp-install --with-isl=/tmp/ndk-User/build/toolchain/temp-install --with-ppl=/tmp/ndk-User/build/toolchain/temp-install --disable-ppl-version-check --disable-cloog-version-check --disable-isl-version-check --enable-cloog-backend=isl --with-host-libstdcxx='-static-libgcc -lstdc++ -lm' --disable-libssp --enable-threads --disable-nls --disable-libmudflap --disable-libgomp --disable-libstdc__-v3 --disable-sjlj-exceptions --disable-shared --disable-tls --disable-libitm --with-float=soft --with-fpu=vfp --with-arch=armv5te --enable-target-optspace --enable-initfini-array --disable-nls --prefix=/tmp/ndk-User/build/toolchain/prefix --with-sysroot=/tmp/ndk-User/build/toolchain/prefix/sysroot --with-binutils-version=2.25 --with-mpfr-version=3.1.1 --with-mpc-version=1.0.1 --with-gmp-version=5.0.5 --with-gcc-version=4.9 --with-gdb-version=7.7 --with-python=/Users/User/mydroid/ndk/prebuilt/darwin-x86_64/bin/python-config.sh --with-gxx-include-dir=/tmp/ndk-User/build/toolchain/prefix/include/c++/4.9 --with-bugurl=http://source.android.com/source/report-bugs.html --enable-languages=c,c++ --disable-bootstrap --enable-plugins --enable-libgomp --enable-gnu-indirect-function --disable-libsanitizer --enable-gold --enable-threads --enable-graphite=yes --with-cloog-version=0.18.0 --with-isl-version=0.11.1 --enable-eh-frame-hdr-for-static --with-arch=armv5te --program-transform-name='s&^&arm-linux-androideabi-&' --enable-gold=default
Thread model: posix
gcc version 4.9 20140827 (prerelease) (GCC) 
configure:2932: $? = 0
configure:2921: /Users/meijian/Desktop/ConquerAndroidFFmpeg/toolchain-android/bin/arm-linux-androideabi-gcc --sysroot=/Users/meijian/Desktop/ConquerAndroidFFmpeg/toolchain-android/sysroot -V >&5
arm-linux-androideabi-gcc: error: unrecognized command line option '-V'
arm-linux-androideabi-gcc: fatal error: no input files
compilation terminated.
configure:2932: $? = 1
configure:2921: /Users/meijian/Desktop/ConquerAndroidFFmpeg/toolchain-android/bin/arm-linux-androideabi-gcc --sysroot=/Users/meijian/Desktop/ConquerAndroidFFmpeg/toolchain-android/sysroot -qversion >&5
arm-linux-androideabi-gcc: error: unrecognized command line option '-qversion'
arm-linux-androideabi-gcc: fatal error: no input files
compilation terminated.
configure:2932: $? = 1
configure:2952: checking whether the C compiler works
configure:2974: /Users/meijian/Desktop/ConquerAndroidFFmpeg/toolchain-android/bin/arm-linux-androideabi-gcc --sysroot=/Users/meijian/Desktop/ConquerAndroidFFmpeg/toolchain-android/sysroot    conftest.c  >&5
configure:2978: $? = 0
configure:3026: result: yes
configure:3029: checking for C compiler default output file name
configure:3031: result: a.out
configure:3037: checking for suffix of executables
configure:3044: /Users/meijian/Desktop/ConquerAndroidFFmpeg/toolchain-android/bin/arm-linux-androideabi-gcc --sysroot=/Users/meijian/Desktop/ConquerAndroidFFmpeg/toolchain-android/sysroot -o conftest    conftest.c  >&5
configure:3048: $? = 0
configure:3070: result: 
configure:3092: checking whether we are cross compiling
configure:3100: /Users/meijian/Desktop/ConquerAndroidFFmpeg/toolchain-android/bin/arm-linux-androideabi-gcc --sysroot=/Users/meijian/Desktop/ConquerAndroidFFmpeg/toolchain-android/sysroot -o conftest    conftest.c  >&5
configure:3104: $? = 0
configure:3111: ./conftest
./configure: line 3113: ./conftest: cannot execute binary file
configure:3115: $? = 126
configure:3130: result: yes
configure:3135: checking for suffix of object files
configure:3157: /Users/meijian/Desktop/ConquerAndroidFFmpeg/toolchain-android/bin/arm-linux-androideabi-gcc --sysroot=/Users/meijian/Desktop/ConquerAndroidFFmpeg/toolchain-android/sysroot -c   conftest.c >&5
configure:3161: $? = 0
configure:3182: result: o
configure:3186: checking whether we are using the GNU C compiler
configure:3205: /Users/meijian/Desktop/ConquerAndroidFFmpeg/toolchain-android/bin/arm-linux-androideabi-gcc --sysroot=/Users/meijian/Desktop/ConquerAndroidFFmpeg/toolchain-android/sysroot -c   conftest.c >&5
configure:3205: $? = 0
configure:3214: result: yes
configure:3223: checking whether /Users/meijian/Desktop/ConquerAndroidFFmpeg/toolchain-android/bin/arm-linux-androideabi-gcc --sysroot=/Users/meijian/Desktop/ConquerAndroidFFmpeg/toolchain-android/sysroot accepts -g
configure:3243: /Users/meijian/Desktop/ConquerAndroidFFmpeg/toolchain-android/bin/arm-linux-androideabi-gcc --sysroot=/Users/meijian/Desktop/ConquerAndroidFFmpeg/toolchain-android/sysroot -c -g  conftest.c >&5
configure:3243: $? = 0
configure:3284: result: yes
configure:3301: checking for /Users/meijian/Desktop/ConquerAndroidFFmpeg/toolchain-android/bin/arm-linux-androideabi-gcc --sysroot=/Users/meijian/Desktop/ConquerAndroidFFmpeg/toolchain-android/sysroot option to accept ISO C89
configure:3364: /Users/meijian/Desktop/ConquerAndroidFFmpeg/toolchain-android/bin/arm-linux-androideabi-gcc --sysroot=/Users/meijian/Desktop/ConquerAndroidFFmpeg/toolchain-android/sysroot  -c -g -O2  conftest.c >&5
configure:3364: $? = 0
configure:3377: result: none needed
configure:3402: checking how to run the C preprocessor
configure:3472: result: /Users/meijian/Desktop/ConquerAndroidFFmpeg/toolchain-android/bin/arm-linux-androideabi-cpp
configure:3492: /Users/meijian/Desktop/ConquerAndroidFFmpeg/toolchain-android/bin/arm-linux-androideabi-cpp  conftest.c
configure:3492: $? = 0
configure:3506: /Users/meijian/Desktop/ConquerAndroidFFmpeg/toolchain-android/bin/arm-linux-androideabi-cpp  conftest.c
conftest.c:9:28: fatal error: ac_nonexistent.h: No such file or directory
 #include <ac_nonexistent.h>
                            ^
compilation terminated.
configure:3506: $? = 1
configure: failed program was:
| /* confdefs.h */
| #define PACKAGE_NAME "FreeType"
| #define PACKAGE_TARNAME "freetype"
| #define PACKAGE_VERSION "2.6.3"
| #define PACKAGE_STRING "FreeType 2.6.3"
| #define PACKAGE_BUGREPORT "freetype@nongnu.org"
| #define PACKAGE_URL ""
| /* end confdefs.h.  */
| #include <ac_nonexistent.h>
configure:3547: checking for arm-linux-androideabi-pkg-config
configure:3580: result: no
configure:3590: checking for pkg-config
configure:3608: found /usr/local/bin/pkg-config
configure:3620: result: /usr/local/bin/pkg-config
configure:3632: WARNING: using cross tools not prefixed with host triplet
configure:3645: checking pkg-config is at least version 0.24
configure:3648: result: yes
configure:3703: checking how to print strings
configure:3730: result: printf
configure:3751: checking for a sed that does not truncate output
configure:3815: result: /usr/bin/sed
configure:3833: checking for grep that handles long lines and -e
configure:3891: result: /usr/bin/grep
configure:3896: checking for egrep
configure:3958: result: /usr/bin/grep -E
configure:3963: checking for fgrep
configure:4025: result: /usr/bin/grep -F
configure:4060: checking for ld used by /Users/meijian/Desktop/ConquerAndroidFFmpeg/toolchain-android/bin/arm-linux-androideabi-gcc --sysroot=/Users/meijian/Desktop/ConquerAndroidFFmpeg/toolchain-android/sysroot
configure:4127: result: /Users/meijian/Desktop/ConquerAndroidFFmpeg/toolchain-android/bin/arm-linux-androideabi-ld
configure:4134: checking if the linker (/Users/meijian/Desktop/ConquerAndroidFFmpeg/toolchain-android/bin/arm-linux-androideabi-ld) is GNU ld
configure:4149: result: yes
configure:4161: checking for BSD- or MS-compatible name lister (nm)
configure:4215: result: /Users/meijian/Desktop/ConquerAndroidFFmpeg/toolchain-android/bin/arm-linux-androideabi-nm
configure:4345: checking the name lister (/Users/meijian/Desktop/ConquerAndroidFFmpeg/toolchain-android/bin/arm-linux-androideabi-nm) interface
configure:4352: /Users/meijian/Desktop/ConquerAndroidFFmpeg/toolchain-android/bin/arm-linux-androideabi-gcc --sysroot=/Users/meijian/Desktop/ConquerAndroidFFmpeg/toolchain-android/sysroot -c -g -O2  conftest.c >&5
configure:4355: /Users/meijian/Desktop/ConquerAndroidFFmpeg/toolchain-android/bin/arm-linux-androideabi-nm "conftest.o"
configure:4358: output
00000000 B some_variable
configure:4365: result: BSD nm
configure:4368: checking whether ln -s works
configure:4372: result: yes
configure:4380: checking the maximum length of command line arguments
configure:4511: result: 196608
configure:4559: checking how to convert x86_64-apple-darwin17.2.0 file names to arm-unknown-linux-androideabi format
configure:4599: result: func_convert_file_noop
configure:4606: checking how to convert x86_64-apple-darwin17.2.0 file names to toolchain format
configure:4626: result: func_convert_file_noop
configure:4633: checking for /Users/meijian/Desktop/ConquerAndroidFFmpeg/toolchain-android/bin/arm-linux-androideabi-ld option to reload object files
configure:4640: result: -r
configure:4674: checking for arm-linux-androideabi-objdump
configure:4701: result: /Users/meijian/Desktop/ConquerAndroidFFmpeg/toolchain-android/bin/arm-linux-androideabi-objdump
configure:4770: checking how to recognize dependent libraries
configure:4970: result: pass_all
configure:5015: checking for arm-linux-androideabi-dlltool
configure:5045: result: no
configure:5055: checking for dlltool
configure:5085: result: no
configure:5112: checking how to associate runtime and link libraries
configure:5139: result: printf %s\n
configure:5156: checking for arm-linux-androideabi-ar
configure:5183: result: /Users/meijian/Desktop/ConquerAndroidFFmpeg/toolchain-android/bin/arm-linux-androideabi-ar
configure:5264: checking for archiver @FILE support
configure:5281: /Users/meijian/Desktop/ConquerAndroidFFmpeg/toolchain-android/bin/arm-linux-androideabi-gcc --sysroot=/Users/meijian/Desktop/ConquerAndroidFFmpeg/toolchain-android/sysroot -c -g -O2  conftest.c >&5
configure:5281: $? = 0
configure:5284: /Users/meijian/Desktop/ConquerAndroidFFmpeg/toolchain-android/bin/arm-linux-androideabi-ar cru libconftest.a @conftest.lst >&5
configure:5287: $? = 0
configure:5292: /Users/meijian/Desktop/ConquerAndroidFFmpeg/toolchain-android/bin/arm-linux-androideabi-ar cru libconftest.a @conftest.lst >&5
/Users/meijian/Desktop/ConquerAndroidFFmpeg/toolchain-android/bin/arm-linux-androideabi-ar: conftest.o: No such file or directory
configure:5295: $? = 1
configure:5307: result: @
configure:5325: checking for arm-linux-androideabi-strip
configure:5352: result: /Users/meijian/Desktop/ConquerAndroidFFmpeg/toolchain-android/bin/arm-linux-androideabi-strip
configure:5424: checking for arm-linux-androideabi-ranlib
configure:5451: result: /Users/meijian/Desktop/ConquerAndroidFFmpeg/toolchain-android/bin/arm-linux-androideabi-ranlib
configure:5568: checking for gawk
configure:5598: result: no
configure:5568: checking for mawk
configure:5598: result: no
configure:5568: checking for nawk
configure:5598: result: no
configure:5568: checking for awk
configure:5584: found /usr/bin/awk
configure:5595: result: awk
configure:5635: checking command to parse /Users/meijian/Desktop/ConquerAndroidFFmpeg/toolchain-android/bin/arm-linux-androideabi-nm output from /Users/meijian/Desktop/ConquerAndroidFFmpeg/toolchain-android/bin/arm-linux-androideabi-gcc --sysroot=/Users/meijian/Desktop/ConquerAndroidFFmpeg/toolchain-android/sysroot object
configure:5788: /Users/meijian/Desktop/ConquerAndroidFFmpeg/toolchain-android/bin/arm-linux-androideabi-gcc --sysroot=/Users/meijian/Desktop/ConquerAndroidFFmpeg/toolchain-android/sysroot -c -g -O2  conftest.c >&5
configure:5791: $? = 0
configure:5795: /Users/meijian/Desktop/ConquerAndroidFFmpeg/toolchain-android/bin/arm-linux-androideabi-nm conftest.o \| sed -n -e 's/^.*[ ]\([ABCDGIRSTW][ABCDGIRSTW]*\)[ ][ ]*\([_A-Za-z][_A-Za-z0-9]*\)$/\1 \2 \2/p' | sed '/ __gnu_lto/d' \> conftest.nm
configure:5798: $? = 0
configure:5864: /Users/meijian/Desktop/ConquerAndroidFFmpeg/toolchain-android/bin/arm-linux-androideabi-gcc --sysroot=/Users/meijian/Desktop/ConquerAndroidFFmpeg/toolchain-android/sysroot -o conftest -g -O2   conftest.c conftstm.o >&5
configure:5867: $? = 0
configure:5905: result: ok
configure:5952: checking for sysroot
configure:5982: result: /Users/meijian/Desktop/ConquerAndroidFFmpeg/toolchain-android/sysroot
configure:5989: checking for a working dd
configure:6027: result: /bin/dd
configure:6031: checking how to truncate binary pipes
configure:6046: result: /bin/dd bs=4096 count=1
configure:6335: checking for arm-linux-androideabi-mt
configure:6365: result: no
configure:6375: checking for mt
configure:6405: result: no
configure:6425: checking if : is a manifest tool
configure:6431: : '-?'
configure:6439: result: no
configure:7112: checking for ANSI C header files
configure:7132: /Users/meijian/Desktop/ConquerAndroidFFmpeg/toolchain-android/bin/arm-linux-androideabi-gcc --sysroot=/Users/meijian/Desktop/ConquerAndroidFFmpeg/toolchain-android/sysroot -c -g -O2  conftest.c >&5
configure:7132: $? = 0
configure:7216: result: yes
configure:7229: checking for sys/types.h
configure:7229: /Users/meijian/Desktop/ConquerAndroidFFmpeg/toolchain-android/bin/arm-linux-androideabi-gcc --sysroot=/Users/meijian/Desktop/ConquerAndroidFFmpeg/toolchain-android/sysroot -c -g -O2  conftest.c >&5
configure:7229: $? = 0
configure:7229: result: yes
configure:7229: checking for sys/stat.h
configure:7229: /Users/meijian/Desktop/ConquerAndroidFFmpeg/toolchain-android/bin/arm-linux-androideabi-gcc --sysroot=/Users/meijian/Desktop/ConquerAndroidFFmpeg/toolchain-android/sysroot -c -g -O2  conftest.c >&5
configure:7229: $? = 0
configure:7229: result: yes
configure:7229: checking for stdlib.h
configure:7229: /Users/meijian/Desktop/ConquerAndroidFFmpeg/toolchain-android/bin/arm-linux-androideabi-gcc --sysroot=/Users/meijian/Desktop/ConquerAndroidFFmpeg/toolchain-android/sysroot -c -g -O2  conftest.c >&5
configure:7229: $? = 0
configure:7229: result: yes
configure:7229: checking for string.h
configure:7229: /Users/meijian/Desktop/ConquerAndroidFFmpeg/toolchain-android/bin/arm-linux-androideabi-gcc --sysroot=/Users/meijian/Desktop/ConquerAndroidFFmpeg/toolchain-android/sysroot -c -g -O2  conftest.c >&5
configure:7229: $? = 0
configure:7229: result: yes
configure:7229: checking for memory.h
configure:7229: /Users/meijian/Desktop/ConquerAndroidFFmpeg/toolchain-android/bin/arm-linux-androideabi-gcc --sysroot=/Users/meijian/Desktop/ConquerAndroidFFmpeg/toolchain-android/sysroot -c -g -O2  conftest.c >&5
configure:7229: $? = 0
configure:7229: result: yes
configure:7229: checking for strings.h
configure:7229: /Users/meijian/Desktop/ConquerAndroidFFmpeg/toolchain-android/bin/arm-linux-androideabi-gcc --sysroot=/Users/meijian/Desktop/ConquerAndroidFFmpeg/toolchain-android/sysroot -c -g -O2  conftest.c >&5
configure:7229: $? = 0
configure:7229: result: yes
configure:7229: checking for inttypes.h
configure:7229: /Users/meijian/Desktop/ConquerAndroidFFmpeg/toolchain-android/bin/arm-linux-androideabi-gcc --sysroot=/Users/meijian/Desktop/ConquerAndroidFFmpeg/toolchain-android/sysroot -c -g -O2  conftest.c >&5
configure:7229: $? = 0
configure:7229: result: yes
configure:7229: checking for stdint.h
configure:7229: /Users/meijian/Desktop/ConquerAndroidFFmpeg/toolchain-android/bin/arm-linux-androideabi-gcc --sysroot=/Users/meijian/Desktop/ConquerAndroidFFmpeg/toolchain-android/sysroot -c -g -O2  conftest.c >&5
configure:7229: $? = 0
configure:7229: result: yes
configure:7229: checking for unistd.h
configure:7229: /Users/meijian/Desktop/ConquerAndroidFFmpeg/toolchain-android/bin/arm-linux-androideabi-gcc --sysroot=/Users/meijian/Desktop/ConquerAndroidFFmpeg/toolchain-android/sysroot -c -g -O2  conftest.c >&5
configure:7229: $? = 0
configure:7229: result: yes
configure:7243: checking for dlfcn.h
configure:7243: /Users/meijian/Desktop/ConquerAndroidFFmpeg/toolchain-android/bin/arm-linux-androideabi-gcc --sysroot=/Users/meijian/Desktop/ConquerAndroidFFmpeg/toolchain-android/sysroot -c -g -O2  conftest.c >&5
configure:7243: $? = 0
configure:7243: result: yes
configure:7797: checking for objdir
configure:7812: result: .libs
configure:8072: checking if /Users/meijian/Desktop/ConquerAndroidFFmpeg/toolchain-android/bin/arm-linux-androideabi-gcc --sysroot=/Users/meijian/Desktop/ConquerAndroidFFmpeg/toolchain-android/sysroot supports -fno-rtti -fno-exceptions
configure:8090: /Users/meijian/Desktop/ConquerAndroidFFmpeg/toolchain-android/bin/arm-linux-androideabi-gcc --sysroot=/Users/meijian/Desktop/ConquerAndroidFFmpeg/toolchain-android/sysroot -c -g -O2  -fno-rtti -fno-exceptions conftest.c >&5
cc1: warning: command line option '-fno-rtti' is valid for C++/ObjC++ but not for C
configure:8094: $? = 0
configure:8107: result: no
configure:8465: checking for /Users/meijian/Desktop/ConquerAndroidFFmpeg/toolchain-android/bin/arm-linux-androideabi-gcc --sysroot=/Users/meijian/Desktop/ConquerAndroidFFmpeg/toolchain-android/sysroot option to produce PIC
configure:8472: result: -fPIC -DPIC
configure:8480: checking if /Users/meijian/Desktop/ConquerAndroidFFmpeg/toolchain-android/bin/arm-linux-androideabi-gcc --sysroot=/Users/meijian/Desktop/ConquerAndroidFFmpeg/toolchain-android/sysroot PIC flag -fPIC -DPIC works
configure:8498: /Users/meijian/Desktop/ConquerAndroidFFmpeg/toolchain-android/bin/arm-linux-androideabi-gcc --sysroot=/Users/meijian/Desktop/ConquerAndroidFFmpeg/toolchain-android/sysroot -c -g -O2  -fPIC -DPIC -DPIC conftest.c >&5
configure:8502: $? = 0
configure:8515: result: yes
configure:8544: checking if /Users/meijian/Desktop/ConquerAndroidFFmpeg/toolchain-android/bin/arm-linux-androideabi-gcc --sysroot=/Users/meijian/Desktop/ConquerAndroidFFmpeg/toolchain-android/sysroot static flag -static works
configure:8572: result: yes
configure:8587: checking if /Users/meijian/Desktop/ConquerAndroidFFmpeg/toolchain-android/bin/arm-linux-androideabi-gcc --sysroot=/Users/meijian/Desktop/ConquerAndroidFFmpeg/toolchain-android/sysroot supports -c -o file.o
configure:8608: /Users/meijian/Desktop/ConquerAndroidFFmpeg/toolchain-android/bin/arm-linux-androideabi-gcc --sysroot=/Users/meijian/Desktop/ConquerAndroidFFmpeg/toolchain-android/sysroot -c -g -O2  -o out/conftest2.o conftest.c >&5
configure:8612: $? = 0
configure:8634: result: yes
configure:8642: checking if /Users/meijian/Desktop/ConquerAndroidFFmpeg/toolchain-android/bin/arm-linux-androideabi-gcc --sysroot=/Users/meijian/Desktop/ConquerAndroidFFmpeg/toolchain-android/sysroot supports -c -o file.o
configure:8689: result: yes
configure:8722: checking whether the /Users/meijian/Desktop/ConquerAndroidFFmpeg/toolchain-android/bin/arm-linux-androideabi-gcc --sysroot=/Users/meijian/Desktop/ConquerAndroidFFmpeg/toolchain-android/sysroot linker (/Users/meijian/Desktop/ConquerAndroidFFmpeg/toolchain-android/bin/arm-linux-androideabi-ld) supports shared libraries
configure:9981: result: yes
configure:10221: checking dynamic linker characteristics
configure:11039: result: Android linker
configure:11161: checking how to hardcode library paths into programs
configure:11186: result: immediate
configure:11734: checking whether stripping libraries is possible
configure:11739: result: yes
configure:11774: checking if libtool supports shared libraries
configure:11776: result: yes
configure:11779: checking whether to build shared libraries
configure:11804: result: no
configure:11807: checking whether to build static libraries
configure:11811: result: yes
configure:11855: checking for x86_64-apple-darwin17.2.0-gcc
configure:11885: result: no
configure:11892: checking for gcc
configure:11908: found /usr/bin/gcc
configure:11919: result: gcc
configure:11929: checking for gcc
configure:11973: result: gcc
configure:11983: checking for suffix of native executables
configure:11997: result: 
configure:12027: checking for a BSD-compatible install
configure:12095: result: /usr/local/bin/ginstall -c
configure:12114: checking for a thread-safe mkdir -p
configure:12153: result: /usr/local/bin/gmkdir -p
configure:12167: checking for ANSI C header files
configure:12271: result: yes
configure:12282: checking fcntl.h usability
configure:12282: /Users/meijian/Desktop/ConquerAndroidFFmpeg/toolchain-android/bin/arm-linux-androideabi-gcc --sysroot=/Users/meijian/Desktop/ConquerAndroidFFmpeg/toolchain-android/sysroot -c -g -O2  conftest.c >&5
configure:12282: $? = 0
configure:12282: result: yes
configure:12282: checking fcntl.h presence
configure:12282: /Users/meijian/Desktop/ConquerAndroidFFmpeg/toolchain-android/bin/arm-linux-androideabi-cpp  conftest.c
configure:12282: $? = 0
configure:12282: result: yes
configure:12282: checking for fcntl.h
configure:12282: result: yes
configure:12282: checking for unistd.h
configure:12282: result: yes
configure:12296: checking for an ANSI C-conforming const
configure:12362: /Users/meijian/Desktop/ConquerAndroidFFmpeg/toolchain-android/bin/arm-linux-androideabi-gcc --sysroot=/Users/meijian/Desktop/ConquerAndroidFFmpeg/toolchain-android/sysroot -c -g -O2  conftest.c >&5
configure:12362: $? = 0
configure:12369: result: yes
configure:12381: checking size of int
configure:12386: /Users/meijian/Desktop/ConquerAndroidFFmpeg/toolchain-android/bin/arm-linux-androideabi-gcc --sysroot=/Users/meijian/Desktop/ConquerAndroidFFmpeg/toolchain-android/sysroot -c -g -O2  conftest.c >&5
configure:12386: $? = 0
configure:12386: /Users/meijian/Desktop/ConquerAndroidFFmpeg/toolchain-android/bin/arm-linux-androideabi-gcc --sysroot=/Users/meijian/Desktop/ConquerAndroidFFmpeg/toolchain-android/sysroot -c -g -O2  conftest.c >&5
conftest.c: In function 'main':
conftest.c:60:12: error: size of array 'test_array' is negative
 static int test_array [1 - 2 * !(((long int) (sizeof (int))) <= 0)];
            ^
configure:12386: $? = 1
configure: failed program was:
| /* confdefs.h */
| #define PACKAGE_NAME "FreeType"
| #define PACKAGE_TARNAME "freetype"
| #define PACKAGE_VERSION "2.6.3"
| #define PACKAGE_STRING "FreeType 2.6.3"
| #define PACKAGE_BUGREPORT "freetype@nongnu.org"
| #define PACKAGE_URL ""
| #define STDC_HEADERS 1
| #define HAVE_SYS_TYPES_H 1
| #define HAVE_SYS_STAT_H 1
| #define HAVE_STDLIB_H 1
| #define HAVE_STRING_H 1
| #define HAVE_MEMORY_H 1
| #define HAVE_STRINGS_H 1
| #define HAVE_INTTYPES_H 1
| #define HAVE_STDINT_H 1
| #define HAVE_UNISTD_H 1
| #define HAVE_DLFCN_H 1
| #define LT_OBJDIR ".libs/"
| #define STDC_HEADERS 1
| #define HAVE_FCNTL_H 1
| #define HAVE_UNISTD_H 1
| /* end confdefs.h.  */
| #include <stdio.h>
| #ifdef HAVE_SYS_TYPES_H
| # include <sys/types.h>
| #endif
| #ifdef HAVE_SYS_STAT_H
| # include <sys/stat.h>
| #endif
| #ifdef STDC_HEADERS
| # include <stdlib.h>
| # include <stddef.h>
| #else
| # ifdef HAVE_STDLIB_H
| #  include <stdlib.h>
| # endif
| #endif
| #ifdef HAVE_STRING_H
| # if !defined STDC_HEADERS && defined HAVE_MEMORY_H
| #  include <memory.h>
| # endif
| # include <string.h>
| #endif
| #ifdef HAVE_STRINGS_H
| # include <strings.h>
| #endif
| #ifdef HAVE_INTTYPES_H
| # include <inttypes.h>
| #endif
| #ifdef HAVE_STDINT_H
| # include <stdint.h>
| #endif
| #ifdef HAVE_UNISTD_H
| # include <unistd.h>
| #endif
| int
| main ()
| {
| static int test_array [1 - 2 * !(((long int) (sizeof (int))) <= 0)];
| test_array [0] = 0;
| return test_array [0];
| 
|   ;
|   return 0;
| }
configure:12386: /Users/meijian/Desktop/ConquerAndroidFFmpeg/toolchain-android/bin/arm-linux-androideabi-gcc --sysroot=/Users/meijian/Desktop/ConquerAndroidFFmpeg/toolchain-android/sysroot -c -g -O2  conftest.c >&5
conftest.c: In function 'main':
conftest.c:60:12: error: size of array 'test_array' is negative
 static int test_array [1 - 2 * !(((long int) (sizeof (int))) <= 1)];
            ^
configure:12386: $? = 1
configure: failed program was:
| /* confdefs.h */
| #define PACKAGE_NAME "FreeType"
| #define PACKAGE_TARNAME "freetype"
| #define PACKAGE_VERSION "2.6.3"
| #define PACKAGE_STRING "FreeType 2.6.3"
| #define PACKAGE_BUGREPORT "freetype@nongnu.org"
| #define PACKAGE_URL ""
| #define STDC_HEADERS 1
| #define HAVE_SYS_TYPES_H 1
| #define HAVE_SYS_STAT_H 1
| #define HAVE_STDLIB_H 1
| #define HAVE_STRING_H 1
| #define HAVE_MEMORY_H 1
| #define HAVE_STRINGS_H 1
| #define HAVE_INTTYPES_H 1
| #define HAVE_STDINT_H 1
| #define HAVE_UNISTD_H 1
| #define HAVE_DLFCN_H 1
| #define LT_OBJDIR ".libs/"
| #define STDC_HEADERS 1
| #define HAVE_FCNTL_H 1
| #define HAVE_UNISTD_H 1
| /* end confdefs.h.  */
| #include <stdio.h>
| #ifdef HAVE_SYS_TYPES_H
| # include <sys/types.h>
| #endif
| #ifdef HAVE_SYS_STAT_H
| # include <sys/stat.h>
| #endif
| #ifdef STDC_HEADERS
| # include <stdlib.h>
| # include <stddef.h>
| #else
| # ifdef HAVE_STDLIB_H
| #  include <stdlib.h>
| # endif
| #endif
| #ifdef HAVE_STRING_H
| # if !defined STDC_HEADERS && defined HAVE_MEMORY_H
| #  include <memory.h>
| # endif
| # include <string.h>
| #endif
| #ifdef HAVE_STRINGS_H
| # include <strings.h>
| #endif
| #ifdef HAVE_INTTYPES_H
| # include <inttypes.h>
| #endif
| #ifdef HAVE_STDINT_H
| # include <stdint.h>
| #endif
| #ifdef HAVE_UNISTD_H
| # include <unistd.h>
| #endif
| int
| main ()
| {
| static int test_array [1 - 2 * !(((long int) (sizeof (int))) <= 1)];
| test_array [0] = 0;
| return test_array [0];
| 
|   ;
|   return 0;
| }
configure:12386: /Users/meijian/Desktop/ConquerAndroidFFmpeg/toolchain-android/bin/arm-linux-androideabi-gcc --sysroot=/Users/meijian/Desktop/ConquerAndroidFFmpeg/toolchain-android/sysroot -c -g -O2  conftest.c >&5
conftest.c: In function 'main':
conftest.c:60:12: error: size of array 'test_array' is negative
 static int test_array [1 - 2 * !(((long int) (sizeof (int))) <= 3)];
            ^
configure:12386: $? = 1
configure: failed program was:
| /* confdefs.h */
| #define PACKAGE_NAME "FreeType"
| #define PACKAGE_TARNAME "freetype"
| #define PACKAGE_VERSION "2.6.3"
| #define PACKAGE_STRING "FreeType 2.6.3"
| #define PACKAGE_BUGREPORT "freetype@nongnu.org"
| #define PACKAGE_URL ""
| #define STDC_HEADERS 1
| #define HAVE_SYS_TYPES_H 1
| #define HAVE_SYS_STAT_H 1
| #define HAVE_STDLIB_H 1
| #define HAVE_STRING_H 1
| #define HAVE_MEMORY_H 1
| #define HAVE_STRINGS_H 1
| #define HAVE_INTTYPES_H 1
| #define HAVE_STDINT_H 1
| #define HAVE_UNISTD_H 1
| #define HAVE_DLFCN_H 1
| #define LT_OBJDIR ".libs/"
| #define STDC_HEADERS 1
| #define HAVE_FCNTL_H 1
| #define HAVE_UNISTD_H 1
| /* end confdefs.h.  */
| #include <stdio.h>
| #ifdef HAVE_SYS_TYPES_H
| # include <sys/types.h>
| #endif
| #ifdef HAVE_SYS_STAT_H
| # include <sys/stat.h>
| #endif
| #ifdef STDC_HEADERS
| # include <stdlib.h>
| # include <stddef.h>
| #else
| # ifdef HAVE_STDLIB_H
| #  include <stdlib.h>
| # endif
| #endif
| #ifdef HAVE_STRING_H
| # if !defined STDC_HEADERS && defined HAVE_MEMORY_H
| #  include <memory.h>
| # endif
| # include <string.h>
| #endif
| #ifdef HAVE_STRINGS_H
| # include <strings.h>
| #endif
| #ifdef HAVE_INTTYPES_H
| # include <inttypes.h>
| #endif
| #ifdef HAVE_STDINT_H
| # include <stdint.h>
| #endif
| #ifdef HAVE_UNISTD_H
| # include <unistd.h>
| #endif
| int
| main ()
| {
| static int test_array [1 - 2 * !(((long int) (sizeof (int))) <= 3)];
| test_array [0] = 0;
| return test_array [0];
| 
|   ;
|   return 0;
| }
configure:12386: /Users/meijian/Desktop/ConquerAndroidFFmpeg/toolchain-android/bin/arm-linux-androideabi-gcc --sysroot=/Users/meijian/Desktop/ConquerAndroidFFmpeg/toolchain-android/sysroot -c -g -O2  conftest.c >&5
configure:12386: $? = 0
configure:12386: /Users/meijian/Desktop/ConquerAndroidFFmpeg/toolchain-android/bin/arm-linux-androideabi-gcc --sysroot=/Users/meijian/Desktop/ConquerAndroidFFmpeg/toolchain-android/sysroot -c -g -O2  conftest.c >&5
configure:12386: $? = 0
configure:12386: /Users/meijian/Desktop/ConquerAndroidFFmpeg/toolchain-android/bin/arm-linux-androideabi-gcc --sysroot=/Users/meijian/Desktop/ConquerAndroidFFmpeg/toolchain-android/sysroot -c -g -O2  conftest.c >&5
configure:12386: $? = 0
configure:12400: result: 4
configure:12414: checking size of long
configure:12419: /Users/meijian/Desktop/ConquerAndroidFFmpeg/toolchain-android/bin/arm-linux-androideabi-gcc --sysroot=/Users/meijian/Desktop/ConquerAndroidFFmpeg/toolchain-android/sysroot -c -g -O2  conftest.c >&5
configure:12419: $? = 0
configure:12419: /Users/meijian/Desktop/ConquerAndroidFFmpeg/toolchain-android/bin/arm-linux-androideabi-gcc --sysroot=/Users/meijian/Desktop/ConquerAndroidFFmpeg/toolchain-android/sysroot -c -g -O2  conftest.c >&5
conftest.c: In function 'main':
conftest.c:61:12: error: size of array 'test_array' is negative
 static int test_array [1 - 2 * !(((long int) (sizeof (long))) <= 0)];
            ^
configure:12419: $? = 1
configure: failed program was:
| /* confdefs.h */
| #define PACKAGE_NAME "FreeType"
| #define PACKAGE_TARNAME "freetype"
| #define PACKAGE_VERSION "2.6.3"
| #define PACKAGE_STRING "FreeType 2.6.3"
| #define PACKAGE_BUGREPORT "freetype@nongnu.org"
| #define PACKAGE_URL ""
| #define STDC_HEADERS 1
| #define HAVE_SYS_TYPES_H 1
| #define HAVE_SYS_STAT_H 1
| #define HAVE_STDLIB_H 1
| #define HAVE_STRING_H 1
| #define HAVE_MEMORY_H 1
| #define HAVE_STRINGS_H 1
| #define HAVE_INTTYPES_H 1
| #define HAVE_STDINT_H 1
| #define HAVE_UNISTD_H 1
| #define HAVE_DLFCN_H 1
| #define LT_OBJDIR ".libs/"
| #define STDC_HEADERS 1
| #define HAVE_FCNTL_H 1
| #define HAVE_UNISTD_H 1
| #define SIZEOF_INT 4
| /* end confdefs.h.  */
| #include <stdio.h>
| #ifdef HAVE_SYS_TYPES_H
| # include <sys/types.h>
| #endif
| #ifdef HAVE_SYS_STAT_H
| # include <sys/stat.h>
| #endif
| #ifdef STDC_HEADERS
| # include <stdlib.h>
| # include <stddef.h>
| #else
| # ifdef HAVE_STDLIB_H
| #  include <stdlib.h>
| # endif
| #endif
| #ifdef HAVE_STRING_H
| # if !defined STDC_HEADERS && defined HAVE_MEMORY_H
| #  include <memory.h>
| # endif
| # include <string.h>
| #endif
| #ifdef HAVE_STRINGS_H
| # include <strings.h>
| #endif
| #ifdef HAVE_INTTYPES_H
| # include <inttypes.h>
| #endif
| #ifdef HAVE_STDINT_H
| # include <stdint.h>
| #endif
| #ifdef HAVE_UNISTD_H
| # include <unistd.h>
| #endif
| int
| main ()
| {
| static int test_array [1 - 2 * !(((long int) (sizeof (long))) <= 0)];
| test_array [0] = 0;
| return test_array [0];
| 
|   ;
|   return 0;
| }
configure:12419: /Users/meijian/Desktop/ConquerAndroidFFmpeg/toolchain-android/bin/arm-linux-androideabi-gcc --sysroot=/Users/meijian/Desktop/ConquerAndroidFFmpeg/toolchain-android/sysroot -c -g -O2  conftest.c >&5
conftest.c: In function 'main':
conftest.c:61:12: error: size of array 'test_array' is negative
 static int test_array [1 - 2 * !(((long int) (sizeof (long))) <= 1)];
            ^
configure:12419: $? = 1
configure: failed program was:
| /* confdefs.h */
| #define PACKAGE_NAME "FreeType"
| #define PACKAGE_TARNAME "freetype"
| #define PACKAGE_VERSION "2.6.3"
| #define PACKAGE_STRING "FreeType 2.6.3"
| #define PACKAGE_BUGREPORT "freetype@nongnu.org"
| #define PACKAGE_URL ""
| #define STDC_HEADERS 1
| #define HAVE_SYS_TYPES_H 1
| #define HAVE_SYS_STAT_H 1
| #define HAVE_STDLIB_H 1
| #define HAVE_STRING_H 1
| #define HAVE_MEMORY_H 1
| #define HAVE_STRINGS_H 1
| #define HAVE_INTTYPES_H 1
| #define HAVE_STDINT_H 1
| #define HAVE_UNISTD_H 1
| #define HAVE_DLFCN_H 1
| #define LT_OBJDIR ".libs/"
| #define STDC_HEADERS 1
| #define HAVE_FCNTL_H 1
| #define HAVE_UNISTD_H 1
| #define SIZEOF_INT 4
| /* end confdefs.h.  */
| #include <stdio.h>
| #ifdef HAVE_SYS_TYPES_H
| # include <sys/types.h>
| #endif
| #ifdef HAVE_SYS_STAT_H
| # include <sys/stat.h>
| #endif
| #ifdef STDC_HEADERS
| # include <stdlib.h>
| # include <stddef.h>
| #else
| # ifdef HAVE_STDLIB_H
| #  include <stdlib.h>
| # endif
| #endif
| #ifdef HAVE_STRING_H
| # if !defined STDC_HEADERS && defined HAVE_MEMORY_H
| #  include <memory.h>
| # endif
| # include <string.h>
| #endif
| #ifdef HAVE_STRINGS_H
| # include <strings.h>
| #endif
| #ifdef HAVE_INTTYPES_H
| # include <inttypes.h>
| #endif
| #ifdef HAVE_STDINT_H
| # include <stdint.h>
| #endif
| #ifdef HAVE_UNISTD_H
| # include <unistd.h>
| #endif
| int
| main ()
| {
| static int test_array [1 - 2 * !(((long int) (sizeof (long))) <= 1)];
| test_array [0] = 0;
| return test_array [0];
| 
|   ;
|   return 0;
| }
configure:12419: /Users/meijian/Desktop/ConquerAndroidFFmpeg/toolchain-android/bin/arm-linux-androideabi-gcc --sysroot=/Users/meijian/Desktop/ConquerAndroidFFmpeg/toolchain-android/sysroot -c -g -O2  conftest.c >&5
conftest.c: In function 'main':
conftest.c:61:12: error: size of array 'test_array' is negative
 static int test_array [1 - 2 * !(((long int) (sizeof (long))) <= 3)];
            ^
configure:12419: $? = 1
configure: failed program was:
| /* confdefs.h */
| #define PACKAGE_NAME "FreeType"
| #define PACKAGE_TARNAME "freetype"
| #define PACKAGE_VERSION "2.6.3"
| #define PACKAGE_STRING "FreeType 2.6.3"
| #define PACKAGE_BUGREPORT "freetype@nongnu.org"
| #define PACKAGE_URL ""
| #define STDC_HEADERS 1
| #define HAVE_SYS_TYPES_H 1
| #define HAVE_SYS_STAT_H 1
| #define HAVE_STDLIB_H 1
| #define HAVE_STRING_H 1
| #define HAVE_MEMORY_H 1
| #define HAVE_STRINGS_H 1
| #define HAVE_INTTYPES_H 1
| #define HAVE_STDINT_H 1
| #define HAVE_UNISTD_H 1
| #define HAVE_DLFCN_H 1
| #define LT_OBJDIR ".libs/"
| #define STDC_HEADERS 1
| #define HAVE_FCNTL_H 1
| #define HAVE_UNISTD_H 1
| #define SIZEOF_INT 4
| /* end confdefs.h.  */
| #include <stdio.h>
| #ifdef HAVE_SYS_TYPES_H
| # include <sys/types.h>
| #endif
| #ifdef HAVE_SYS_STAT_H
| # include <sys/stat.h>
| #endif
| #ifdef STDC_HEADERS
| # include <stdlib.h>
| # include <stddef.h>
| #else
| # ifdef HAVE_STDLIB_H
| #  include <stdlib.h>
| # endif
| #endif
| #ifdef HAVE_STRING_H
| # if !defined STDC_HEADERS && defined HAVE_MEMORY_H
| #  include <memory.h>
| # endif
| # include <string.h>
| #endif
| #ifdef HAVE_STRINGS_H
| # include <strings.h>
| #endif
| #ifdef HAVE_INTTYPES_H
| # include <inttypes.h>
| #endif
| #ifdef HAVE_STDINT_H
| # include <stdint.h>
| #endif
| #ifdef HAVE_UNISTD_H
| # include <unistd.h>
| #endif
| int
| main ()
| {
| static int test_array [1 - 2 * !(((long int) (sizeof (long))) <= 3)];
| test_array [0] = 0;
| return test_array [0];
| 
|   ;
|   return 0;
| }
configure:12419: /Users/meijian/Desktop/ConquerAndroidFFmpeg/toolchain-android/bin/arm-linux-androideabi-gcc --sysroot=/Users/meijian/Desktop/ConquerAndroidFFmpeg/toolchain-android/sysroot -c -g -O2  conftest.c >&5
configure:12419: $? = 0
configure:12419: /Users/meijian/Desktop/ConquerAndroidFFmpeg/toolchain-android/bin/arm-linux-androideabi-gcc --sysroot=/Users/meijian/Desktop/ConquerAndroidFFmpeg/toolchain-android/sysroot -c -g -O2  conftest.c >&5
configure:12419: $? = 0
configure:12419: /Users/meijian/Desktop/ConquerAndroidFFmpeg/toolchain-android/bin/arm-linux-androideabi-gcc --sysroot=/Users/meijian/Desktop/ConquerAndroidFFmpeg/toolchain-android/sysroot -c -g -O2  conftest.c >&5
configure:12419: $? = 0
configure:12433: result: 4
configure:12447: checking whether cpp computation of bit length in ftconfig.in works
configure:12504: result: yes
configure:12542: checking for stdlib.h
configure:12542: result: yes
configure:12542: checking for unistd.h
configure:12542: result: yes
configure:12542: checking for sys/param.h
configure:12542: /Users/meijian/Desktop/ConquerAndroidFFmpeg/toolchain-android/bin/arm-linux-androideabi-gcc --sysroot=/Users/meijian/Desktop/ConquerAndroidFFmpeg/toolchain-android/sysroot -c -g -O2  conftest.c >&5
configure:12542: $? = 0
configure:12542: result: yes
configure:12562: checking for getpagesize
configure:12562: /Users/meijian/Desktop/ConquerAndroidFFmpeg/toolchain-android/bin/arm-linux-androideabi-gcc --sysroot=/Users/meijian/Desktop/ConquerAndroidFFmpeg/toolchain-android/sysroot -o conftest -g -O2   conftest.c  >&5
conftest.c:63: error: undefined reference to 'getpagesize'
collect2: error: ld returned 1 exit status
configure:12562: $? = 1
configure: failed program was:
| /* confdefs.h */
| #define PACKAGE_NAME "FreeType"
| #define PACKAGE_TARNAME "freetype"
| #define PACKAGE_VERSION "2.6.3"
| #define PACKAGE_STRING "FreeType 2.6.3"
| #define PACKAGE_BUGREPORT "freetype@nongnu.org"
| #define PACKAGE_URL ""
| #define STDC_HEADERS 1
| #define HAVE_SYS_TYPES_H 1
| #define HAVE_SYS_STAT_H 1
| #define HAVE_STDLIB_H 1
| #define HAVE_STRING_H 1
| #define HAVE_MEMORY_H 1
| #define HAVE_STRINGS_H 1
| #define HAVE_INTTYPES_H 1
| #define HAVE_STDINT_H 1
| #define HAVE_UNISTD_H 1
| #define HAVE_DLFCN_H 1
| #define LT_OBJDIR ".libs/"
| #define STDC_HEADERS 1
| #define HAVE_FCNTL_H 1
| #define HAVE_UNISTD_H 1
| #define SIZEOF_INT 4
| #define SIZEOF_LONG 4
| #define HAVE_STDLIB_H 1
| #define HAVE_UNISTD_H 1
| #define HAVE_SYS_PARAM_H 1
| /* end confdefs.h.  */
| /* Define getpagesize to an innocuous variant, in case <limits.h> declares getpagesize.
|    For example, HP-UX 11i <limits.h> declares gettimeofday.  */
| #define getpagesize innocuous_getpagesize
| 
| /* System header to define __stub macros and hopefully few prototypes,
|     which can conflict with char getpagesize (); below.
|     Prefer <limits.h> to <assert.h> if __STDC__ is defined, since
|     <limits.h> exists even on freestanding compilers.  */
| 
| #ifdef __STDC__
| # include <limits.h>
| #else
| # include <assert.h>
| #endif
| 
| #undef getpagesize
| 
| /* Override any GCC internal prototype to avoid an error.
|    Use char because int might match the return type of a GCC
|    builtin and then its argument prototype would still apply.  */
| #ifdef __cplusplus
| extern "C"
| #endif
| char getpagesize ();
| /* The GNU C library defines this for functions which it implements
|     to always fail with ENOSYS.  Some functions are actually named
|     something starting with __ and the normal name is an alias.  */
| #if defined __stub_getpagesize || defined __stub___getpagesize
| choke me
| #endif
| 
| int
| main ()
| {
| return getpagesize ();
|   ;
|   return 0;
| }
configure:12562: result: no
configure:12571: checking for working mmap
configure:12728: result: no
configure:12796: checking for memcpy
configure:12796: /Users/meijian/Desktop/ConquerAndroidFFmpeg/toolchain-android/bin/arm-linux-androideabi-gcc --sysroot=/Users/meijian/Desktop/ConquerAndroidFFmpeg/toolchain-android/sysroot -o conftest -g -O2   conftest.c  >&5
conftest.c:52:6: warning: conflicting types for built-in function 'memcpy'
 char memcpy ();
      ^
configure:12796: $? = 0
configure:12796: result: yes
configure:12796: checking for memmove
configure:12796: /Users/meijian/Desktop/ConquerAndroidFFmpeg/toolchain-android/bin/arm-linux-androideabi-gcc --sysroot=/Users/meijian/Desktop/ConquerAndroidFFmpeg/toolchain-android/sysroot -o conftest -g -O2   conftest.c  >&5
conftest.c:53:6: warning: conflicting types for built-in function 'memmove'
 char memmove ();
      ^
configure:12796: $? = 0
configure:12796: result: yes
configure:12845: checking gcc compiler flag -pedantic to assure ANSI C works correctly
configure:12872: /Users/meijian/Desktop/ConquerAndroidFFmpeg/toolchain-android/bin/arm-linux-androideabi-gcc --sysroot=/Users/meijian/Desktop/ConquerAndroidFFmpeg/toolchain-android/sysroot -c -g -O2  -pedantic  conftest.c >&5
configure:12872: $? = 0
configure:12873: result: ok, add it to XX_ANSIFLAGS
configure:12845: checking gcc compiler flag -ansi to assure ANSI C works correctly
configure:12872: /Users/meijian/Desktop/ConquerAndroidFFmpeg/toolchain-android/bin/arm-linux-androideabi-gcc --sysroot=/Users/meijian/Desktop/ConquerAndroidFFmpeg/toolchain-android/sysroot -c -g -O2  -pedantic -ansi  conftest.c >&5
configure:12872: $? = 0
configure:12873: result: ok, add it to XX_ANSIFLAGS
configure:12937: $PKG_CONFIG --exists --print-errors "$zlib_pkg"
Package zlib was not found in the pkg-config search path.
Perhaps you should add the directory containing `zlib.pc'
to the PKG_CONFIG_PATH environment variable
No package 'zlib' found
configure:12940: $? = 1
configure:12947: checking for ZLIB
configure:12954: $PKG_CONFIG --exists --print-errors "$zlib_pkg"
Package zlib was not found in the pkg-config search path.
Perhaps you should add the directory containing `zlib.pc'
to the PKG_CONFIG_PATH environment variable
No package 'zlib' found
configure:12957: $? = 1
configure:12971: $PKG_CONFIG --exists --print-errors "$zlib_pkg"
Package zlib was not found in the pkg-config search path.
Perhaps you should add the directory containing `zlib.pc'
to the PKG_CONFIG_PATH environment variable
No package 'zlib' found
configure:12974: $? = 1
configure:12988: result: no
No package 'zlib' found
configure:13032: checking for gzsetparams in -lz
configure:13057: /Users/meijian/Desktop/ConquerAndroidFFmpeg/toolchain-android/bin/arm-linux-androideabi-gcc --sysroot=/Users/meijian/Desktop/ConquerAndroidFFmpeg/toolchain-android/sysroot -o conftest -g -O2   conftest.c -lz   >&5
configure:13057: $? = 0
configure:13066: result: yes
configure:13069: checking zlib.h usability
configure:13069: /Users/meijian/Desktop/ConquerAndroidFFmpeg/toolchain-android/bin/arm-linux-androideabi-gcc --sysroot=/Users/meijian/Desktop/ConquerAndroidFFmpeg/toolchain-android/sysroot -c -g -O2  conftest.c >&5
configure:13069: $? = 0
configure:13069: result: yes
configure:13069: checking zlib.h presence
configure:13069: /Users/meijian/Desktop/ConquerAndroidFFmpeg/toolchain-android/bin/arm-linux-androideabi-cpp  conftest.c
configure:13069: $? = 0
configure:13069: result: yes
configure:13069: checking for zlib.h
configure:13069: result: yes
configure:13107: $PKG_CONFIG --exists --print-errors "$bzip2_pkg"
Package bzip2 was not found in the pkg-config search path.
Perhaps you should add the directory containing `bzip2.pc'
to the PKG_CONFIG_PATH environment variable
No package 'bzip2' found
configure:13110: $? = 1
configure:13117: checking for BZIP2
configure:13124: $PKG_CONFIG --exists --print-errors "$bzip2_pkg"
Package bzip2 was not found in the pkg-config search path.
Perhaps you should add the directory containing `bzip2.pc'
to the PKG_CONFIG_PATH environment variable
No package 'bzip2' found
configure:13127: $? = 1
configure:13141: $PKG_CONFIG --exists --print-errors "$bzip2_pkg"
Package bzip2 was not found in the pkg-config search path.
Perhaps you should add the directory containing `bzip2.pc'
to the PKG_CONFIG_PATH environment variable
No package 'bzip2' found
configure:13144: $? = 1
configure:13158: result: no
No package 'bzip2' found
configure:13202: checking for BZ2_bzDecompress in -lbz2
configure:13227: /Users/meijian/Desktop/ConquerAndroidFFmpeg/toolchain-android/bin/arm-linux-androideabi-gcc --sysroot=/Users/meijian/Desktop/ConquerAndroidFFmpeg/toolchain-android/sysroot -o conftest -g -O2   conftest.c -lbz2   >&5
/Users/meijian/Desktop/ConquerAndroidFFmpeg/toolchain-android/bin/../lib/gcc/arm-linux-androideabi/4.9/../../../../arm-linux-androideabi/bin/ld: error: cannot find -lbz2
conftest.c:42: error: undefined reference to 'BZ2_bzDecompress'
collect2: error: ld returned 1 exit status
configure:13227: $? = 1
configure: failed program was:
| /* confdefs.h */
| #define PACKAGE_NAME "FreeType"
| #define PACKAGE_TARNAME "freetype"
| #define PACKAGE_VERSION "2.6.3"
| #define PACKAGE_STRING "FreeType 2.6.3"
| #define PACKAGE_BUGREPORT "freetype@nongnu.org"
| #define PACKAGE_URL ""
| #define STDC_HEADERS 1
| #define HAVE_SYS_TYPES_H 1
| #define HAVE_SYS_STAT_H 1
| #define HAVE_STDLIB_H 1
| #define HAVE_STRING_H 1
| #define HAVE_MEMORY_H 1
| #define HAVE_STRINGS_H 1
| #define HAVE_INTTYPES_H 1
| #define HAVE_STDINT_H 1
| #define HAVE_UNISTD_H 1
| #define HAVE_DLFCN_H 1
| #define LT_OBJDIR ".libs/"
| #define STDC_HEADERS 1
| #define HAVE_FCNTL_H 1
| #define HAVE_UNISTD_H 1
| #define SIZEOF_INT 4
| #define SIZEOF_LONG 4
| #define HAVE_STDLIB_H 1
| #define HAVE_UNISTD_H 1
| #define HAVE_SYS_PARAM_H 1
| #define HAVE_MEMCPY 1
| #define HAVE_MEMMOVE 1
| /* end confdefs.h.  */
| 
| /* Override any GCC internal prototype to avoid an error.
|    Use char because int might match the return type of a GCC
|    builtin and then its argument prototype would still apply.  */
| #ifdef __cplusplus
| extern "C"
| #endif
| char BZ2_bzDecompress ();
| int
| main ()
| {
| return BZ2_bzDecompress ();
|   ;
|   return 0;
| }
configure:13236: result: no
configure:13277: $PKG_CONFIG --exists --print-errors "$libpng_pkg"
configure:13280: $? = 0
configure:13287: checking for LIBPNG
configure:13294: $PKG_CONFIG --exists --print-errors "$libpng_pkg"
configure:13297: $? = 0
configure:13311: $PKG_CONFIG --exists --print-errors "$libpng_pkg"
configure:13314: $? = 0
configure:13352: result: yes
configure:13413: $PKG_CONFIG --exists --print-errors "$harfbuzz_pkg"
Package harfbuzz was not found in the pkg-config search path.
Perhaps you should add the directory containing `harfbuzz.pc'
to the PKG_CONFIG_PATH environment variable
No package 'harfbuzz' found
configure:13416: $? = 1
configure:13423: checking for HARFBUZZ
configure:13430: $PKG_CONFIG --exists --print-errors "$harfbuzz_pkg"
Package harfbuzz was not found in the pkg-config search path.
Perhaps you should add the directory containing `harfbuzz.pc'
to the PKG_CONFIG_PATH environment variable
No package 'harfbuzz' found
configure:13433: $? = 1
configure:13447: $PKG_CONFIG --exists --print-errors "$harfbuzz_pkg"
Package harfbuzz was not found in the pkg-config search path.
Perhaps you should add the directory containing `harfbuzz.pc'
to the PKG_CONFIG_PATH environment variable
No package 'harfbuzz' found
configure:13450: $? = 1
configure:13464: result: no
No package 'harfbuzz' found
configure:14305: creating ./config.status

## ---------------------- ##
## Running config.status. ##
## ---------------------- ##

This file was extended by FreeType config.status 2.6.3, which was
generated by GNU Autoconf 2.69.  Invocation command line was

  CONFIG_FILES    = 
  CONFIG_HEADERS  = 
  CONFIG_LINKS    = 
  CONFIG_COMMANDS = 
  $ ./config.status 

on meijian

config.status:1085: creating unix-cc.mk
config.status:1085: creating unix-def.mk
config.status:1085: creating ftconfig.h
config.status:1280: executing libtool commands
configure:16336:

Library configuration:
  external zlib: yes (autoconf test)
  bzip2:         no
  libpng:        yes (pkg-config)
  harfbuzz:      no


## ---------------- ##
## Cache variables. ##
## ---------------- ##

ac_cv_build=x86_64-apple-darwin17.2.0
ac_cv_c_compiler_gnu=yes
ac_cv_c_const=yes
ac_cv_env_BZIP2_CFLAGS_set=
ac_cv_env_BZIP2_CFLAGS_value=
ac_cv_env_BZIP2_LIBS_set=
ac_cv_env_BZIP2_LIBS_value=
ac_cv_env_CC_set=set
ac_cv_env_CC_value='/Users/meijian/Desktop/ConquerAndroidFFmpeg/toolchain-android/bin/arm-linux-androideabi-gcc --sysroot=/Users/meijian/Desktop/ConquerAndroidFFmpeg/toolchain-android/sysroot'
ac_cv_env_CFLAGS_set=
ac_cv_env_CFLAGS_value=
ac_cv_env_CPPFLAGS_set=
ac_cv_env_CPPFLAGS_value=
ac_cv_env_CPP_set=set
ac_cv_env_CPP_value=/Users/meijian/Desktop/ConquerAndroidFFmpeg/toolchain-android/bin/arm-linux-androideabi-cpp
ac_cv_env_HARFBUZZ_CFLAGS_set=
ac_cv_env_HARFBUZZ_CFLAGS_value=
ac_cv_env_HARFBUZZ_LIBS_set=
ac_cv_env_HARFBUZZ_LIBS_value=
ac_cv_env_LDFLAGS_set=
ac_cv_env_LDFLAGS_value=
ac_cv_env_LIBPNG_CFLAGS_set=
ac_cv_env_LIBPNG_CFLAGS_value=
ac_cv_env_LIBPNG_LIBS_set=
ac_cv_env_LIBPNG_LIBS_value=
ac_cv_env_LIBS_set=
ac_cv_env_LIBS_value=
ac_cv_env_LT_SYS_LIBRARY_PATH_set=
ac_cv_env_LT_SYS_LIBRARY_PATH_value=
ac_cv_env_PKG_CONFIG_LIBDIR_set=set
ac_cv_env_PKG_CONFIG_LIBDIR_value=/Users/meijian/Desktop/ConquerAndroidFFmpeg/toolchain-android/lib/pkgconfig
ac_cv_env_PKG_CONFIG_PATH_set=
ac_cv_env_PKG_CONFIG_PATH_value=
ac_cv_env_PKG_CONFIG_set=
ac_cv_env_PKG_CONFIG_value=
ac_cv_env_ZLIB_CFLAGS_set=
ac_cv_env_ZLIB_CFLAGS_value=
ac_cv_env_ZLIB_LIBS_set=
ac_cv_env_ZLIB_LIBS_value=
ac_cv_env_build_alias_set=
ac_cv_env_build_alias_value=
ac_cv_env_host_alias_set=set
ac_cv_env_host_alias_value=arm-linux-androideabi
ac_cv_env_target_alias_set=
ac_cv_env_target_alias_value=
ac_cv_func_getpagesize=no
ac_cv_func_memcpy=yes
ac_cv_func_memmove=yes
ac_cv_func_mmap_fixed_mapped=no
ac_cv_header_dlfcn_h=yes
ac_cv_header_fcntl_h=yes
ac_cv_header_inttypes_h=yes
ac_cv_header_memory_h=yes
ac_cv_header_stdc=yes
ac_cv_header_stdint_h=yes
ac_cv_header_stdlib_h=yes
ac_cv_header_string_h=yes
ac_cv_header_strings_h=yes
ac_cv_header_sys_param_h=yes
ac_cv_header_sys_stat_h=yes
ac_cv_header_sys_types_h=yes
ac_cv_header_unistd_h=yes
ac_cv_header_zlib_h=yes
ac_cv_host=arm-unknown-linux-androideabi
ac_cv_lib_bz2_BZ2_bzDecompress=no
ac_cv_lib_z_gzsetparams=yes
ac_cv_objext=o
ac_cv_path_EGREP='/usr/bin/grep -E'
ac_cv_path_FGREP='/usr/bin/grep -F'
ac_cv_path_GREP=/usr/bin/grep
ac_cv_path_SED=/usr/bin/sed
ac_cv_path_ac_pt_PKG_CONFIG=/usr/local/bin/pkg-config
ac_cv_path_install='/usr/local/bin/ginstall -c'
ac_cv_path_lt_DD=/bin/dd
ac_cv_path_mkdir=/usr/local/bin/gmkdir
ac_cv_prog_AR=/Users/meijian/Desktop/ConquerAndroidFFmpeg/toolchain-android/bin/arm-linux-androideabi-ar
ac_cv_prog_AWK=awk
ac_cv_prog_CC='/Users/meijian/Desktop/ConquerAndroidFFmpeg/toolchain-android/bin/arm-linux-androideabi-gcc --sysroot=/Users/meijian/Desktop/ConquerAndroidFFmpeg/toolchain-android/sysroot'
ac_cv_prog_CC_BUILD=gcc
ac_cv_prog_CPP=/Users/meijian/Desktop/ConquerAndroidFFmpeg/toolchain-android/bin/arm-linux-androideabi-cpp
ac_cv_prog_OBJDUMP=/Users/meijian/Desktop/ConquerAndroidFFmpeg/toolchain-android/bin/arm-linux-androideabi-objdump
ac_cv_prog_RANLIB=/Users/meijian/Desktop/ConquerAndroidFFmpeg/toolchain-android/bin/arm-linux-androideabi-ranlib
ac_cv_prog_STRIP=/Users/meijian/Desktop/ConquerAndroidFFmpeg/toolchain-android/bin/arm-linux-androideabi-strip
ac_cv_prog_cc_c89=
ac_cv_prog_cc_g=yes
ac_cv_sizeof_int=4
ac_cv_sizeof_long=4
lt_cv_ar_at_file=@
lt_cv_deplibs_check_method=pass_all
lt_cv_file_magic_cmd='$MAGIC_CMD'
lt_cv_file_magic_test_file=
lt_cv_ld_reload_flag=-r
lt_cv_nm_interface='BSD nm'
lt_cv_objdir=.libs
lt_cv_path_LD=/Users/meijian/Desktop/ConquerAndroidFFmpeg/toolchain-android/bin/arm-linux-androideabi-ld
lt_cv_path_NM=/Users/meijian/Desktop/ConquerAndroidFFmpeg/toolchain-android/bin/arm-linux-androideabi-nm
lt_cv_path_mainfest_tool=no
lt_cv_prog_compiler_c_o=yes
lt_cv_prog_compiler_pic='-fPIC -DPIC'
lt_cv_prog_compiler_pic_works=yes
lt_cv_prog_compiler_rtti_exceptions=no
lt_cv_prog_compiler_static_works=yes
lt_cv_prog_gnu_ld=yes
lt_cv_sharedlib_from_linklib_cmd='printf %s\n'
lt_cv_sys_global_symbol_pipe='sed -n -e '\''s/^.*[	 ]\([ABCDGIRSTW][ABCDGIRSTW]*\)[	 ][	 ]*\([_A-Za-z][_A-Za-z0-9]*\)$/\1 \2 \2/p'\'' | sed '\''/ __gnu_lto/d'\'''
lt_cv_sys_global_symbol_to_c_name_address='sed -n -e '\''s/^: \(.*\) .*$/  {"\1", (void *) 0},/p'\'' -e '\''s/^[ABCDGIRSTW][ABCDGIRSTW]* .* \(.*\)$/  {"\1", (void *) \&\1},/p'\'''
lt_cv_sys_global_symbol_to_c_name_address_lib_prefix='sed -n -e '\''s/^: \(.*\) .*$/  {"\1", (void *) 0},/p'\'' -e '\''s/^[ABCDGIRSTW][ABCDGIRSTW]* .* \(lib.*\)$/  {"\1", (void *) \&\1},/p'\'' -e '\''s/^[ABCDGIRSTW][ABCDGIRSTW]* .* \(.*\)$/  {"lib\1", (void *) \&\1},/p'\'''
lt_cv_sys_global_symbol_to_cdecl='sed -n -e '\''s/^T .* \(.*\)$/extern int \1();/p'\'' -e '\''s/^[ABCDGIRSTW][ABCDGIRSTW]* .* \(.*\)$/extern char \1;/p'\'''
lt_cv_sys_global_symbol_to_import=
lt_cv_sys_max_cmd_len=196608
lt_cv_to_host_file_cmd=func_convert_file_noop
lt_cv_to_tool_file_cmd=func_convert_file_noop
lt_cv_truncate_bin='/bin/dd bs=4096 count=1'
pkg_cv_LIBPNG_CFLAGS=-I/Users/meijian/Desktop/ConquerAndroidFFmpeg/toolchain-android/include/libpng16
pkg_cv_LIBPNG_LIBS='-L/Users/meijian/Desktop/ConquerAndroidFFmpeg/toolchain-android/lib -lpng16'

## ----------------- ##
## Output variables. ##
## ----------------- ##

AR='/Users/meijian/Desktop/ConquerAndroidFFmpeg/toolchain-android/bin/arm-linux-androideabi-ar'
AS='/Users/meijian/Desktop/ConquerAndroidFFmpeg/toolchain-android/bin/arm-linux-androideabi-as'
AWK='awk'
BZIP2_CFLAGS=''
BZIP2_LIBS=''
CC='/Users/meijian/Desktop/ConquerAndroidFFmpeg/toolchain-android/bin/arm-linux-androideabi-gcc --sysroot=/Users/meijian/Desktop/ConquerAndroidFFmpeg/toolchain-android/sysroot'
CC_BUILD='gcc'
CFLAGS='-g -O2  -DFT_CONFIG_OPTION_SYSTEM_ZLIB -I/Users/meijian/Desktop/ConquerAndroidFFmpeg/toolchain-android/include/libpng16 -DFT_CONFIG_OPTION_USE_PNG'
CPP='/Users/meijian/Desktop/ConquerAndroidFFmpeg/toolchain-android/bin/arm-linux-androideabi-cpp'
CPPFLAGS=''
DEFS='-DHAVE_CONFIG_H'
DLLTOOL='false'
DSYMUTIL=''
DUMPBIN=''
ECHO_C='\c'
ECHO_N=''
ECHO_T=''
EGREP='/usr/bin/grep -E'
EXEEXT=''
EXEEXT_BUILD=''
FGREP='/usr/bin/grep -F'
FTSYS_SRC='$(BASE_DIR)/ftsystem.c'
GREP='/usr/bin/grep'
HARFBUZZ_CFLAGS=''
HARFBUZZ_LIBS=''
INSTALL_DATA='${INSTALL} -m 644'
INSTALL_PROGRAM='${INSTALL}'
INSTALL_SCRIPT='${INSTALL}'
LD='/Users/meijian/Desktop/ConquerAndroidFFmpeg/toolchain-android/bin/arm-linux-androideabi-ld'
LDFLAGS=' -lz -L/Users/meijian/Desktop/ConquerAndroidFFmpeg/toolchain-android/lib -lpng16'
LIBOBJS=''
LIBPNG_CFLAGS='-I/Users/meijian/Desktop/ConquerAndroidFFmpeg/toolchain-android/include/libpng16'
LIBPNG_LIBS='-L/Users/meijian/Desktop/ConquerAndroidFFmpeg/toolchain-android/lib -lpng16'
LIBS=''
LIBSSTATIC_CONFIG='-lfreetype -lz -L/Users/meijian/Desktop/ConquerAndroidFFmpeg/toolchain-android/lib -lpng16 -lz -lm'
LIBS_PRIVATE='-lz'
LIBTOOL='$(SHELL) $(top_builddir)/libtool'
LIPO=''
LN_S='ln -s'
LTLIBOBJS=''
LT_SYS_LIBRARY_PATH=''
MANIFEST_TOOL=':'
MKDIR_P='/usr/local/bin/gmkdir -p'
NM='/Users/meijian/Desktop/ConquerAndroidFFmpeg/toolchain-android/bin/arm-linux-androideabi-nm'
NMEDIT=''
OBJDUMP='/Users/meijian/Desktop/ConquerAndroidFFmpeg/toolchain-android/bin/arm-linux-androideabi-objdump'
OBJEXT='o'
OTOOL64=''
OTOOL=''
PACKAGE_BUGREPORT='freetype@nongnu.org'
PACKAGE_NAME='FreeType'
PACKAGE_STRING='FreeType 2.6.3'
PACKAGE_TARNAME='freetype'
PACKAGE_URL=''
PACKAGE_VERSION='2.6.3'
PATH_SEPARATOR=':'
PKG_CONFIG='/usr/local/bin/pkg-config'
PKG_CONFIG_LIBDIR='/Users/meijian/Desktop/ConquerAndroidFFmpeg/toolchain-android/lib/pkgconfig'
PKG_CONFIG_PATH=''
RANLIB='/Users/meijian/Desktop/ConquerAndroidFFmpeg/toolchain-android/bin/arm-linux-androideabi-ranlib'
REQUIRES_PRIVATE='libpng'
SED='/usr/bin/sed'
SHELL='/bin/sh'
STRIP='/Users/meijian/Desktop/ConquerAndroidFFmpeg/toolchain-android/bin/arm-linux-androideabi-strip'
XX_ANSIFLAGS=' -pedantic -ansi'
XX_CFLAGS='-Wall'
ZLIB_CFLAGS=''
ZLIB_LIBS='-lz'
ac_ct_AR=''
ac_ct_CC=''
ac_ct_DUMPBIN=''
bindir='${exec_prefix}/bin'
build='x86_64-apple-darwin17.2.0'
build_alias=''
build_cpu='x86_64'
build_libtool_libs=''
build_os='darwin17.2.0'
build_vendor='apple'
datadir='${datarootdir}'
datarootdir='${prefix}/share'
docdir='${datarootdir}/doc/${PACKAGE_TARNAME}'
dvidir='${docdir}'
exec_prefix='${prefix}'
ft_version='18.3.12'
ftmac_c=''
hardcode_libdir_flag_spec='-L$libdir'
host='arm-unknown-linux-androideabi'
host_alias='arm-linux-androideabi'
host_cpu='arm'
host_os='linux-androideabi'
host_vendor='unknown'
htmldir='${docdir}'
includedir='${prefix}/include'
infodir='${datarootdir}/info'
libdir='${exec_prefix}/lib'
libexecdir='${exec_prefix}/libexec'
localedir='${datarootdir}/locale'
localstatedir='${prefix}/var'
mandir='${datarootdir}/man'
oldincludedir='/usr/include'
pdfdir='${docdir}'
prefix='/Users/meijian/Desktop/ConquerAndroidFFmpeg/toolchain-android'
program_transform_name='s,x,x,'
psdir='${docdir}'
sbindir='${exec_prefix}/sbin'
sharedstatedir='${prefix}/com'
sysconfdir='${prefix}/etc'
target_alias=''
version_info='18:3:12'
wl='-Wl,'

## ----------- ##
## confdefs.h. ##
## ----------- ##

/* confdefs.h */
#define PACKAGE_NAME "FreeType"
#define PACKAGE_TARNAME "freetype"
#define PACKAGE_VERSION "2.6.3"
#define PACKAGE_STRING "FreeType 2.6.3"
#define PACKAGE_BUGREPORT "freetype@nongnu.org"
#define PACKAGE_URL ""
#define STDC_HEADERS 1
#define HAVE_SYS_TYPES_H 1
#define HAVE_SYS_STAT_H 1
#define HAVE_STDLIB_H 1
#define HAVE_STRING_H 1
#define HAVE_MEMORY_H 1
#define HAVE_STRINGS_H 1
#define HAVE_INTTYPES_H 1
#define HAVE_STDINT_H 1
#define HAVE_UNISTD_H 1
#define HAVE_DLFCN_H 1
#define LT_OBJDIR ".libs/"
#define STDC_HEADERS 1
#define HAVE_FCNTL_H 1
#define HAVE_UNISTD_H 1
#define SIZEOF_INT 4
#define SIZEOF_LONG 4
#define HAVE_STDLIB_H 1
#define HAVE_UNISTD_H 1
#define HAVE_SYS_PARAM_H 1
#define HAVE_MEMCPY 1
#define HAVE_MEMMOVE 1

configure: exit 0
